#
# There is insufficient memory for the Java Runtime Environment to continue.
# Native memory allocation (malloc) failed to allocate 32744 bytes for ChunkPool::allocate
# Possible reasons:
#   The system is out of physical RAM or swap space
#   In 32 bit mode, the process size limit was hit
# Possible solutions:
#   Reduce memory load on the system
#   Increase physical memory or swap space
#   Check if swap backing store is full
#   Use 64 bit Java on a 64 bit OS
#   Decrease Java heap size (-Xmx/-Xms)
#   Decrease number of Java threads
#   Decrease Java thread stack sizes (-Xss)
#   Set larger code cache with -XX:ReservedCodeCacheSize=
# This output file may be truncated or incomplete.
#
#  Out of Memory Error (allocation.cpp:271), pid=5808, tid=6240
#
# JRE version: Java(TM) SE Runtime Environment (8.0-b132) (build 1.8.0-b132)
# Java VM: Java HotSpot(TM) 64-Bit Server VM (25.0-b70 mixed mode windows-amd64 compressed oops)
# Failed to write core dump. Minidumps are not enabled by default on client versions of Windows
#

---------------  T H R E A D  ---------------

Current thread (0x00000000189c1800):  JavaThread "C2 CompilerThread0" daemon [_thread_in_native, id=6240, stack(0x00000000192f0000,0x00000000193f0000)]

Stack: [0x00000000192f0000,0x00000000193f0000]
Native frames: (J=compiled Java code, j=interpreted, Vv=VM code, C=native code)
V  [jvm.dll+0x308e0a]


Current CompileTask:
C2:   2852 2174       4       org.eclipse.sisu.plexus.RealmFilter$FilteredItr::hasNext (81 bytes)


---------------  P R O C E S S  ---------------

Java Threads: ( => current thread )
  0x0000000018a39000 JavaThread "Service Thread" daemon [_thread_blocked, id=7988, stack(0x0000000019550000,0x0000000019650000)]
  0x0000000017715000 JavaThread "C1 CompilerThread2" daemon [_thread_blocked, id=2096, stack(0x00000000191e0000,0x00000000192e0000)]
  0x00000000189cb000 JavaThread "C2 CompilerThread1" daemon [_thread_in_native, id=7160, stack(0x0000000018f90000,0x0000000019090000)]
=>0x00000000189c1800 JavaThread "C2 CompilerThread0" daemon [_thread_in_native, id=6240, stack(0x00000000192f0000,0x00000000193f0000)]
  0x00000000189c0800 JavaThread "Attach Listener" daemon [_thread_blocked, id=2256, stack(0x00000000190a0000,0x00000000191a0000)]
  0x0000000017711000 JavaThread "Signal Dispatcher" daemon [_thread_blocked, id=5552, stack(0x0000000018e10000,0x0000000018f10000)]
  0x00000000176b6000 JavaThread "Finalizer" daemon [_thread_blocked, id=6300, stack(0x00000000188c0000,0x00000000189c0000)]
  0x00000000176ab000 JavaThread "Reference Handler" daemon [_thread_blocked, id=7772, stack(0x00000000185e0000,0x00000000186e0000)]
  0x000000000047e800 JavaThread "main" [_thread_in_vm, id=9104, stack(0x0000000002640000,0x0000000002740000)]

Other Threads:
  0x00000000176a7800 VMThread [stack: 0x00000000186e0000,0x00000000187e0000] [id=8736]
  0x0000000018a3c800 WatcherThread [stack: 0x00000000197a0000,0x00000000198a0000] [id=5748]

VM state:not at safepoint (normal execution)

VM Mutex/Monitor currently owned by a thread: None

Heap:
 PSYoungGen      total 33280K, used 30434K [0x00000000d6e00000, 0x00000000d9200000, 0x0000000100000000)
  eden space 29696K, 96% used [0x00000000d6e00000,0x00000000d89f7638,0x00000000d8b00000)
  from space 3584K, 50% used [0x00000000d8e80000,0x00000000d9041250,0x00000000d9200000)
  to   space 3584K, 0% used [0x00000000d8b00000,0x00000000d8b00000,0x00000000d8e80000)
 ParOldGen       total 125440K, used 6386K [0x0000000084a00000, 0x000000008c480000, 0x00000000d6e00000)
  object space 125440K, 5% used [0x0000000084a00000,0x000000008503cb08,0x000000008c480000)
 Metaspace       used 15197K, capacity 15558K, committed 15744K, reserved 1062912K
  class space    used 1935K, capacity 2053K, committed 2176K, reserved 1048576K

Card table byte_map: [0x0000000011dd0000,0x00000000121b0000] byte_map_base: 0x00000000119ab000

Marking Bits: (ParMarkBitMap*) 0x000000006fc813b0
 Begin Bits: [0x0000000012b90000, 0x0000000014a68000)
 End Bits:   [0x0000000014a68000, 0x0000000016940000)

Polling page: 0x0000000000150000

CodeCache: size=245760Kb used=7317Kb max_used=7317Kb free=238443Kb
 bounds [0x0000000002a10000, 0x0000000003140000, 0x0000000011a10000]
 total_blobs=2610 nmethods=2274 adapters=249
 compilation: enabled

Compilation events (10 events):
Event: 2.845 Thread 0x0000000017715000 2274       1       com.sun.tools.javac.code.Symbol$PackageSymbol::getQualifiedName (5 bytes)
Event: 2.846 Thread 0x0000000017715000 nmethod 2274 0x0000000003134a10 code [0x0000000003134b60, 0x0000000003134c70]
Event: 2.847 Thread 0x0000000017715000 2275       3       com.sun.tools.javac.util.ArrayUtils::ensureCapacity (30 bytes)
Event: 2.847 Thread 0x0000000017715000 nmethod 2275 0x0000000003134390 code [0x0000000003134520, 0x00000000031348a8]
Event: 2.847 Thread 0x0000000017715000 2277       3       com.sun.tools.javac.util.List::nil (4 bytes)
Event: 2.848 Thread 0x0000000017715000 nmethod 2277 0x0000000003134090 code [0x00000000031341e0, 0x0000000003134310]
Event: 2.848 Thread 0x0000000017715000 2276       3       com.sun.tools.javac.code.AnnoConstruct::<init> (5 bytes)
Event: 2.848 Thread 0x0000000017715000 nmethod 2276 0x0000000003133cd0 code [0x0000000003133e20, 0x0000000003133fd0]
Event: 2.848 Thread 0x0000000017715000 2278       3       com.sun.tools.javac.util.Assert::check (8 bytes)
Event: 2.848 Thread 0x0000000017715000 nmethod 2278 0x00000000031337d0 code [0x0000000003133940, 0x0000000003133ba8]

GC Heap History (10 events):
Event: 0.694 GC heap before
{Heap before GC invocations=10 (full 0):
 PSYoungGen      total 8704K, used 7989K [0x00000000d6e00000, 0x00000000d7c80000, 0x0000000100000000)
  eden space 7168K, 100% used [0x00000000d6e00000,0x00000000d7500000,0x00000000d7500000)
  from space 1536K, 53% used [0x00000000d7500000,0x00000000d75cd778,0x00000000d7680000)
  to   space 1536K, 0% used [0x00000000d7b00000,0x00000000d7b00000,0x00000000d7c80000)
 ParOldGen       total 125440K, used 1625K [0x0000000084a00000, 0x000000008c480000, 0x00000000d6e00000)
  object space 125440K, 1% used [0x0000000084a00000,0x0000000084b96568,0x000000008c480000)
 Metaspace       used 7121K, capacity 7278K, committed 7424K, reserved 1056768K
  class space    used 915K, capacity 957K, committed 1024K, reserved 1048576K
Event: 0.695 GC heap after
Heap after GC invocations=10 (full 0):
 PSYoungGen      total 13312K, used 754K [0x00000000d6e00000, 0x00000000d7c80000, 0x0000000100000000)
  eden space 11776K, 0% used [0x00000000d6e00000,0x00000000d6e00000,0x00000000d7980000)
  from space 1536K, 49% used [0x00000000d7b00000,0x00000000d7bbcb18,0x00000000d7c80000)
  to   space 1536K, 0% used [0x00000000d7980000,0x00000000d7980000,0x00000000d7b00000)
 ParOldGen       total 125440K, used 1857K [0x0000000084a00000, 0x000000008c480000, 0x00000000d6e00000)
  object space 125440K, 1% used [0x0000000084a00000,0x0000000084bd0568,0x000000008c480000)
 Metaspace       used 7121K, capacity 7278K, committed 7424K, reserved 1056768K
  class space    used 915K, capacity 957K, committed 1024K, reserved 1048576K
}
Event: 0.892 GC heap before
{Heap before GC invocations=11 (full 0):
 PSYoungGen      total 13312K, used 12530K [0x00000000d6e00000, 0x00000000d7c80000, 0x0000000100000000)
  eden space 11776K, 100% used [0x00000000d6e00000,0x00000000d7980000,0x00000000d7980000)
  from space 1536K, 49% used [0x00000000d7b00000,0x00000000d7bbcb18,0x00000000d7c80000)
  to   space 1536K, 0% used [0x00000000d7980000,0x00000000d7980000,0x00000000d7b00000)
 ParOldGen       total 125440K, used 1857K [0x0000000084a00000, 0x000000008c480000, 0x00000000d6e00000)
  object space 125440K, 1% used [0x0000000084a00000,0x0000000084bd0568,0x000000008c480000)
 Metaspace       used 8725K, capacity 8954K, committed 9088K, reserved 1056768K
  class space    used 1089K, capacity 1152K, committed 1152K, reserved 1048576K
Event: 0.896 GC heap after
Heap after GC invocations=11 (full 0):
 PSYoungGen      total 13312K, used 1509K [0x00000000d6e00000, 0x00000000d8480000, 0x0000000100000000)
  eden space 11776K, 0% used [0x00000000d6e00000,0x00000000d6e00000,0x00000000d7980000)
  from space 1536K, 98% used [0x00000000d7980000,0x00000000d7af9538,0x00000000d7b00000)
  to   space 2048K, 0% used [0x00000000d8280000,0x00000000d8280000,0x00000000d8480000)
 ParOldGen       total 125440K, used 2920K [0x0000000084a00000, 0x000000008c480000, 0x00000000d6e00000)
  object space 125440K, 2% used [0x0000000084a00000,0x0000000084cda038,0x000000008c480000)
 Metaspace       used 8725K, capacity 8954K, committed 9088K, reserved 1056768K
  class space    used 1089K, capacity 1152K, committed 1152K, reserved 1048576K
}
Event: 1.099 GC heap before
{Heap before GC invocations=12 (full 0):
 PSYoungGen      total 13312K, used 13285K [0x00000000d6e00000, 0x00000000d8480000, 0x0000000100000000)
  eden space 11776K, 100% used [0x00000000d6e00000,0x00000000d7980000,0x00000000d7980000)
  from space 1536K, 98% used [0x00000000d7980000,0x00000000d7af9538,0x00000000d7b00000)
  to   space 2048K, 0% used [0x00000000d8280000,0x00000000d8280000,0x00000000d8480000)
 ParOldGen       total 125440K, used 2920K [0x0000000084a00000, 0x000000008c480000, 0x00000000d6e00000)
  object space 125440K, 2% used [0x0000000084a00000,0x0000000084cda038,0x000000008c480000)
 Metaspace       used 10256K, capacity 10510K, committed 10752K, reserved 1058816K
  class space    used 1314K, capacity 1415K, committed 1536K, reserved 1048576K
Event: 1.102 GC heap after
Heap after GC invocations=12 (full 0):
 PSYoungGen      total 20480K, used 2039K [0x00000000d6e00000, 0x00000000d8580000, 0x0000000100000000)
  eden space 18432K, 0% used [0x00000000d6e00000,0x00000000d6e00000,0x00000000d8000000)
  from space 2048K, 99% used [0x00000000d8280000,0x00000000d847dce8,0x00000000d8480000)
  to   space 2560K, 0% used [0x00000000d8000000,0x00000000d8000000,0x00000000d8280000)
 ParOldGen       total 125440K, used 3530K [0x0000000084a00000, 0x000000008c480000, 0x00000000d6e00000)
  object space 125440K, 2% used [0x0000000084a00000,0x0000000084d72a20,0x000000008c480000)
 Metaspace       used 10256K, capacity 10510K, committed 10752K, reserved 1058816K
  class space    used 1314K, capacity 1415K, committed 1536K, reserved 1048576K
}
Event: 1.572 GC heap before
{Heap before GC invocations=13 (full 0):
 PSYoungGen      total 20480K, used 20471K [0x00000000d6e00000, 0x00000000d8580000, 0x0000000100000000)
  eden space 18432K, 100% used [0x00000000d6e00000,0x00000000d8000000,0x00000000d8000000)
  from space 2048K, 99% used [0x00000000d8280000,0x00000000d847dce8,0x00000000d8480000)
  to   space 2560K, 0% used [0x00000000d8000000,0x00000000d8000000,0x00000000d8280000)
 ParOldGen       total 125440K, used 3530K [0x0000000084a00000, 0x000000008c480000, 0x00000000d6e00000)
  object space 125440K, 2% used [0x0000000084a00000,0x0000000084d72a20,0x000000008c480000)
 Metaspace       used 12815K, capacity 13050K, committed 13312K, reserved 1060864K
  class space    used 1627K, capacity 1705K, committed 1792K, reserved 1048576K
Event: 1.578 GC heap after
Heap after GC invocations=13 (full 0):
 PSYoungGen      total 20992K, used 2529K [0x00000000d6e00000, 0x00000000d9200000, 0x0000000100000000)
  eden space 18432K, 0% used [0x00000000d6e00000,0x00000000d6e00000,0x00000000d8000000)
  from space 2560K, 98% used [0x00000000d8000000,0x00000000d8278588,0x00000000d8280000)
  to   space 3584K, 0% used [0x00000000d8e80000,0x00000000d8e80000,0x00000000d9200000)
 ParOldGen       total 125440K, used 4863K [0x0000000084a00000, 0x000000008c480000, 0x00000000d6e00000)
  object space 125440K, 3% used [0x0000000084a00000,0x0000000084ebfcf0,0x000000008c480000)
 Metaspace       used 12815K, capacity 13050K, committed 13312K, reserved 1060864K
  class space    used 1627K, capacity 1705K, committed 1792K, reserved 1048576K
}
Event: 2.094 GC heap before
{Heap before GC invocations=14 (full 0):
 PSYoungGen      total 20992K, used 20961K [0x00000000d6e00000, 0x00000000d9200000, 0x0000000100000000)
  eden space 18432K, 100% used [0x00000000d6e00000,0x00000000d8000000,0x00000000d8000000)
  from space 2560K, 98% used [0x00000000d8000000,0x00000000d8278588,0x00000000d8280000)
  to   space 3584K, 0% used [0x00000000d8e80000,0x00000000d8e80000,0x00000000d9200000)
 ParOldGen       total 125440K, used 4863K [0x0000000084a00000, 0x000000008c480000, 0x00000000d6e00000)
  object space 125440K, 3% used [0x0000000084a00000,0x0000000084ebfcf0,0x000000008c480000)
 Metaspace       used 13244K, capacity 13490K, committed 13824K, reserved 1060864K
  class space    used 1667K, capacity 1741K, committed 1792K, reserved 1048576K
Event: 2.100 GC heap after
Heap after GC invocations=14 (full 0):
 PSYoungGen      total 33280K, used 1796K [0x00000000d6e00000, 0x00000000d9200000, 0x0000000100000000)
  eden space 29696K, 0% used [0x00000000d6e00000,0x00000000d6e00000,0x00000000d8b00000)
  from space 3584K, 50% used [0x00000000d8e80000,0x00000000d9041250,0x00000000d9200000)
  to   space 3584K, 0% used [0x00000000d8b00000,0x00000000d8b00000,0x00000000d8e80000)
 ParOldGen       total 125440K, used 6386K [0x0000000084a00000, 0x000000008c480000, 0x00000000d6e00000)
  object space 125440K, 5% used [0x0000000084a00000,0x000000008503cb08,0x000000008c480000)
 Metaspace       used 13244K, capacity 13490K, committed 13824K, reserved 1060864K
  class space    used 1667K, capacity 1741K, committed 1792K, reserved 1048576K
}

Deoptimization events (10 events):
Event: 1.651 Thread 0x000000000047e800 Uncommon trap: reason=null_check action=make_not_entrant pc=0x0000000002ee9880 method=org.apache.maven.model.io.xpp3.MavenXpp3Reader.checkFieldWithDuplicate(Lorg/codehaus/plexus/util/xml/pull/XmlPullParser;Ljava/lang/String;Ljava/lang/String;Ljava/util/Setnn)rjfü?
Event: 1.775 Thread 0x000000000047e800 Uncommon trap: reason=predicate action=maybe_recompile pc=0x0000000002f391a4 method=java.nio.charset.CharsetDecoder.decode(Ljava/nio/ByteBuffer;Ljava/nio/CharBuffer;Z)Ljava/nio/charset/CoderResult; @ 54
Event: 1.777 Thread 0x000000000047e800 Uncommon trap: reason=predicate action=maybe_recompile pc=0x0000000002cb2460 method=java.nio.charset.CharsetDecoder.decode(Ljava/nio/ByteBuffer;Ljava/nio/CharBuffer;Z)Ljava/nio/charset/CoderResult; @ 54
Event: 1.811 Thread 0x000000000047e800 Uncommon trap: reason=unreached action=reinterpret pc=0x0000000002d53394 method=java.util.HashMap.getNode(ILjava/lang/Object;)Ljava/util/HashMap$Node; @ 53
Event: 2.521 Thread 0x000000000047e800 Uncommon trap: reason=bimorphic action=maybe_recompile pc=0x0000000002f512ec method=java.util.concurrent.ConcurrentHashMap.get(Ljava/lang/Object;)Ljava/lang/Object; @ 149
Event: 2.537 Thread 0x000000000047e800 Uncommon trap: reason=bimorphic action=maybe_recompile pc=0x0000000002f512ec method=java.util.concurrent.ConcurrentHashMap.get(Ljava/lang/Object;)Ljava/lang/Object; @ 149
Event: 2.654 Thread 0x000000000047e800 Uncommon trap: reason=bimorphic action=maybe_recompile pc=0x0000000003099b04 method=java.lang.ClassLoader.loadClass(Ljava/lang/String;Z)Ljava/lang/Class; @ 38
Event: 2.658 Thread 0x000000000047e800 Uncommon trap: reason=bimorphic action=maybe_recompile pc=0x0000000003099b04 method=java.lang.ClassLoader.loadClass(Ljava/lang/String;Z)Ljava/lang/Class; @ 38
Event: 2.659 Thread 0x000000000047e800 Uncommon trap: reason=bimorphic action=maybe_recompile pc=0x0000000003099b04 method=java.lang.ClassLoader.loadClass(Ljava/lang/String;Z)Ljava/lang/Class; @ 38
Event: 2.659 Thread 0x000000000047e800 Uncommon trap: reason=bimorphic action=maybe_recompile pc=0x0000000003099b04 method=java.lang.ClassLoader.loadClass(Ljava/lang/String;Z)Ljava/lang/Class; @ 38

Internal exceptions (10 events):
Event: 2.846 Thread 0x000000000047e800 Exception <a 'java/security/PrivilegedActionException'> (0x00000000d89549d8) thrown at [D:\re\workspace\8-2-build-windows-amd64-cygwin\jdk8\2238\hotspot\src\share\vm\prims\jvm.cpp, line 1248]
Event: 2.846 Thread 0x000000000047e800 Exception <a 'java/security/PrivilegedActionException'> (0x00000000d8955288) thrown at [D:\re\workspace\8-2-build-windows-amd64-cygwin\jdk8\2238\hotspot\src\share\vm\prims\jvm.cpp, line 1248]
Event: 2.846 Thread 0x000000000047e800 Exception <a 'java/security/PrivilegedActionException'> (0x00000000d8959370) thrown at [D:\re\workspace\8-2-build-windows-amd64-cygwin\jdk8\2238\hotspot\src\share\vm\prims\jvm.cpp, line 1248]
Event: 2.847 Thread 0x000000000047e800 Exception <a 'java/security/PrivilegedActionException'> (0x00000000d895a770) thrown at [D:\re\workspace\8-2-build-windows-amd64-cygwin\jdk8\2238\hotspot\src\share\vm\prims\jvm.cpp, line 1248]
Event: 2.847 Thread 0x000000000047e800 Exception <a 'java/security/PrivilegedActionException'> (0x00000000d895b088) thrown at [D:\re\workspace\8-2-build-windows-amd64-cygwin\jdk8\2238\hotspot\src\share\vm\prims\jvm.cpp, line 1248]
Event: 2.847 Thread 0x000000000047e800 Exception <a 'java/security/PrivilegedActionException'> (0x00000000d895b9a8) thrown at [D:\re\workspace\8-2-build-windows-amd64-cygwin\jdk8\2238\hotspot\src\share\vm\prims\jvm.cpp, line 1248]
Event: 2.848 Thread 0x000000000047e800 Exception <a 'java/security/PrivilegedActionException'> (0x00000000d89660d8) thrown at [D:\re\workspace\8-2-build-windows-amd64-cygwin\jdk8\2238\hotspot\src\share\vm\prims\jvm.cpp, line 1248]
Event: 2.848 Thread 0x000000000047e800 Exception <a 'java/security/PrivilegedActionException'> (0x00000000d8967278) thrown at [D:\re\workspace\8-2-build-windows-amd64-cygwin\jdk8\2238\hotspot\src\share\vm\prims\jvm.cpp, line 1248]
Event: 2.848 Thread 0x000000000047e800 Exception <a 'java/security/PrivilegedActionException'> (0x00000000d8967b28) thrown at [D:\re\workspace\8-2-build-windows-amd64-cygwin\jdk8\2238\hotspot\src\share\vm\prims\jvm.cpp, line 1248]
Event: 2.848 Thread 0x000000000047e800 Exception <a 'java/security/PrivilegedActionException'> (0x00000000d89683b8) thrown at [D:\re\workspace\8-2-build-windows-amd64-cygwin\jdk8\2238\hotspot\src\share\vm\prims\jvm.cpp, line 1248]

Events (10 events):
Event: 2.846 loading class com/sun/tools/javac/code/Symbol$VarSymbol$1
Event: 2.846 loading class com/sun/tools/javac/code/Symbol$VarSymbol$1 done
Event: 2.847 loading class com/sun/tools/javac/code/Symbol$VarSymbol$1
Event: 2.847 loading class com/sun/tools/javac/code/Symbol$VarSymbol$1 done
Event: 2.848 loading class com/sun/tools/javac/code/Types
Event: 2.848 loading class com/sun/tools/javac/code/Types done
Event: 2.848 loading class com/sun/tools/javac/code/Types
Event: 2.848 loading class com/sun/tools/javac/code/Types done
Event: 2.848 loading class com/sun/tools/javac/code/Types
Event: 2.848 loading class com/sun/tools/javac/code/Types done


Dynamic libraries:
0x000000013f220000 - 0x000000013f254000 	C:\Apps\jdk1.8.0\bin\java.exe
0x00000000778b0000 - 0x0000000077a59000 	C:\windows\SYSTEM32\ntdll.dll
0x0000000077320000 - 0x000000007743f000 	C:\windows\system32\kernel32.dll
0x000007fefddc0000 - 0x000007fefde2c000 	C:\windows\system32\KERNELBASE.dll
0x00000000750d0000 - 0x0000000075157000 	C:\windows\System32\SYSFER.DLL
0x000007feff9a0000 - 0x000007feffa7b000 	C:\windows\system32\ADVAPI32.dll
0x000007feff200000 - 0x000007feff29f000 	C:\windows\system32\msvcrt.dll
0x000007fefe360000 - 0x000007fefe37f000 	C:\windows\SYSTEM32\sechost.dll
0x000007fefe0e0000 - 0x000007fefe20d000 	C:\windows\system32\RPCRT4.dll
0x0000000077650000 - 0x000000007774a000 	C:\windows\system32\USER32.dll
0x000007fefe400000 - 0x000007fefe467000 	C:\windows\system32\GDI32.dll
0x000007feff680000 - 0x000007feff68e000 	C:\windows\system32\LPK.dll
0x000007fefe290000 - 0x000007fefe359000 	C:\windows\system32\USP10.dll
0x000007fefc290000 - 0x000007fefc484000 	C:\windows\WinSxS\amd64_microsoft.windows.common-controls_6595b64144ccf1df_6.0.7601.17514_none_fa396087175ac9ac\COMCTL32.dll
0x000007fefe380000 - 0x000007fefe3f1000 	C:\windows\system32\SHLWAPI.dll
0x000007feffa80000 - 0x000007feffaae000 	C:\windows\system32\IMM32.DLL
0x000007feffab0000 - 0x000007feffbb9000 	C:\windows\system32\MSCTF.dll
0x00000000519f0000 - 0x0000000051ac2000 	C:\Apps\jdk1.8.0\jre\bin\msvcr100.dll
0x000000006f4d0000 - 0x000000006fcfa000 	C:\Apps\jdk1.8.0\jre\bin\server\jvm.dll
0x000007fef94e0000 - 0x000007fef94e9000 	C:\windows\system32\WSOCK32.dll
0x000007feff950000 - 0x000007feff99d000 	C:\windows\system32\WS2_32.dll
0x000007feff670000 - 0x000007feff678000 	C:\windows\system32\NSI.dll
0x000007fefab40000 - 0x000007fefab7b000 	C:\windows\system32\WINMM.dll
0x0000000077a80000 - 0x0000000077a87000 	C:\windows\system32\PSAPI.DLL
0x0000000054c60000 - 0x0000000054c6f000 	C:\Apps\jdk1.8.0\jre\bin\verify.dll
0x0000000053d40000 - 0x0000000053d68000 	C:\Apps\jdk1.8.0\jre\bin\java.dll
0x0000000053d20000 - 0x0000000053d36000 	C:\Apps\jdk1.8.0\jre\bin\zip.dll
0x000007fefe470000 - 0x000007feff1f8000 	C:\windows\system32\SHELL32.dll
0x000007feff460000 - 0x000007feff663000 	C:\windows\system32\ole32.dll
0x000007fefdd10000 - 0x000007fefdd1f000 	C:\windows\system32\profapi.dll
0x00000000533a0000 - 0x00000000533ba000 	C:\Apps\jdk1.8.0\jre\bin\net.dll
0x000007fefd580000 - 0x000007fefd5d5000 	C:\windows\system32\mswsock.dll
0x000007fefd570000 - 0x000007fefd577000 	C:\windows\System32\wship6.dll
0x0000000052150000 - 0x0000000052161000 	C:\Apps\jdk1.8.0\jre\bin\nio.dll

VM Arguments:
jvm_args: -Dclassworlds.conf=C:\Apps\apache-maven-3.1.1\bin\..\bin\m2.conf -Dmaven.home=C:\Apps\apache-maven-3.1.1\bin\.. 
java_command: org.codehaus.plexus.classworlds.launcher.Launcher package
java_class_path (initial): C:\Apps\apache-maven-3.1.1\bin\..\boot\plexus-classworlds-2.5.1.jar
Launcher Type: SUN_STANDARD

Environment Variables:
JAVA_HOME=C:\Apps\jdk1.8.0
PATH=C:\Apps\Subversion_Client;C:\Apps\Ruby193\bin;C:\Program Files (x86)\Intel\iCLS Client\;C:\Program Files\Intel\iCLS Client\;C:\windows\system32;C:\windows;C:\windows\System32\Wbem;C:\windows\System32\WindowsPowerShell\v1.0\;C:\Program Files\Intel\Intel(R) Management Engine Components\DAL;C:\Program Files\Intel\Intel(R) Management Engine Components\IPT;C:\Program Files (x86)\Intel\Intel(R) Management Engine Components\DAL;C:\Program Files (x86)\Intel\Intel(R) Management Engine Components\IPT;C:\Program Files\Intel\WiFi\bin\;C:\Program Files\Common Files\Intel\WirelessCommon\;C:\Apps\jdk1.8.0\bin;C:\Apps\apache-maven-3.1.1\bin;C:\Apps\apache-ant-1.9.2\bin;D:\Apps\mongodb\bin;C:\Apps\Vagrant\bin;C:\Apps\OpenSSH\bin;C:\Apps\Git\cmd;C:\Apps\Git\bin;C:\Apps\RubyDevKit\bin;C:\Apps\gradle-1.12\bin;C:\Apps\vertx\bin;D:\Apps\mongodb\bin;C:\Apps\wamp\bin\php\php5.4.12;C:\Apps\groovy-2.3.2\bin;C:\Apps\gradle-1.12\bin;C:\Apps\Python27;C:\Apps\nodejs\;C:\Apps\Ruby200-x64\bin;D:\utilisateurs\luchabou\AppData\Roaming\npm
USERNAME=luchabou
OS=Windows_NT
PROCESSOR_IDENTIFIER=Intel64 Family 6 Model 58 Stepping 9, GenuineIntel



---------------  S Y S T E M  ---------------

OS: Windows 7 , 64 bit Build 7601 Service Pack 1

CPU:total 4 (2 cores per cpu, 2 threads per core) family 6 model 58 stepping 9, cmov, cx8, fxsr, mmx, sse, sse2, sse3, ssse3, sse4.1, sse4.2, popcnt, avx, aes, clmul, erms, ht, tsc, tscinvbit

Memory: 4k page, physical 8079004k(1336592k free), swap 8077140k(5000k free)

vm_info: Java HotSpot(TM) 64-Bit Server VM (25.0-b70) for windows-amd64 JRE (1.8.0-b132), built on Mar  4 2014 03:46:18 by "java_re" with MS VC++ 10.0 (VS2010)

time: Sat Aug 16 18:05:37 2014
elapsed time: 2 seconds

