JvmtiExport can_access_local_variables 0
JvmtiExport can_hotswap_or_post_breakpoint 0
JvmtiExport can_post_on_exceptions 0
# 269 ciObject found
ciMethod java/lang/Object <init> ()V 4097 1 344869 0 0
ciMethod java/lang/Object hashCode ()I 2049 1 256 0 -1
ciMethod java/lang/Object equals (Ljava/lang/Object;)Z 2065 1 7624 0 -1
ciMethod java/lang/Object toString ()Ljava/lang/String; 0 0 4 0 -1
ciMethod java/lang/String equals (Ljava/lang/Object;)Z 2105 9489 3347 0 -1
ciMethod java/lang/String startsWith (Ljava/lang/String;I)Z 3497 1065 5958 0 224
ciMethod java/lang/String startsWith (Ljava/lang/String;)Z 3233 1 35801 0 192
ciMethod java/lang/String hashCode ()I 3073 31657 1414 0 320
ciMethod java/lang/String toString ()Ljava/lang/String; 617 1 9369 0 0
ciMethod java/lang/System identityHashCode (Ljava/lang/Object;)I 3073 1 384 0 -1
ciMethod java/util/Map get (Ljava/lang/Object;)Ljava/lang/Object; 0 0 1 0 -1
ciMethod java/util/Map put (Ljava/lang/Object;Ljava/lang/Object;)Ljava/lang/Object; 0 0 1 0 -1
ciMethod java/lang/annotation/Annotation equals (Ljava/lang/Object;)Z 0 0 1 0 -1
ciMethod java/lang/annotation/Annotation annotationType ()Ljava/lang/Class; 0 0 1 0 -1
ciMethod sun/misc/Unsafe compareAndSwapObject (Ljava/lang/Object;JLjava/lang/Object;Ljava/lang/Object;)Z 2049 1 256 0 -1
ciMethod java/lang/Boolean booleanValue ()Z 1025 1 128 0 -1
ciMethod java/lang/Iterable iterator ()Ljava/util/Iterator; 0 0 1 0 -1
ciMethod java/util/Set contains (Ljava/lang/Object;)Z 0 0 1 0 -1
ciMethod java/util/Iterator hasNext ()Z 0 0 1 0 -1
ciMethod java/util/Iterator next ()Ljava/lang/Object; 0 0 1 0 -1
ciMethod java/util/HashMap hash (Ljava/lang/Object;)I 2281 1 43309 0 0
ciMethod java/util/HashMap getNode (ILjava/lang/Object;)Ljava/util/HashMap$Node; 1913 17 12615 0 448
ciMethod java/util/HashMap containsKey (Ljava/lang/Object;)Z 273 1 5307 0 608
ciMethodData java/lang/Object <init> ()V 2 344870 orig 144 104 11 167 111 0 0 0 0 136 4 210 22 0 0 0 0 168 0 0 0 0 0 0 0 0 0 0 0 0 0 0 0 0 0 0 0 0 0 0 0 0 0 0 0 0 0 0 0 0 0 0 0 0 0 0 0 0 0 0 0 0 0 0 0 1 0 0 0 0 0 0 0 1 0 0 0 0 0 0 0 1 0 0 0 0 0 0 0 0 0 0 0 0 0 0 0 0 2 0 0 49 9 42 0 1 0 0 0 0 0 0 0 0 0 0 0 0 0 3 0 3 0 0 0 0 0 0 0 255 255 255 255 0 0 0 0 0 0 0 0 0 0 0 0 data 0 oops 0
ciMethod java/util/HashMap$TreeNode getTreeNode (ILjava/lang/Object;)Ljava/util/HashMap$TreeNode; 0 0 1 0 -1
ciMethod java/util/HashSet contains (Ljava/lang/Object;)Z 2049 1 6208 0 1248
ciMethodData java/lang/String hashCode ()I 2 20676 orig 144 104 11 167 111 0 0 0 0 128 79 210 22 0 0 0 0 32 1 0 0 32 0 0 0 0 0 0 0 0 0 0 0 0 0 0 0 0 0 0 0 0 0 0 0 0 0 0 0 0 0 0 0 0 0 0 0 0 0 0 0 0 0 0 0 1 0 0 0 0 0 0 0 0 0 0 0 0 0 0 0 1 0 0 0 0 0 0 0 0 0 0 0 0 0 0 0 117 15 0 0 49 32 0 0 121 10 2 0 0 0 0 0 0 0 0 0 1 0 11 0 4 0 1 0 120 0 0 0 255 255 255 255 0 0 0 0 7 0 6 0 0 0 0 0 data 15 0x60007 0x19e 0x78 0x268 0xe0007 0x8 0x58 0x260 0x1e0007 0x260 0x38 0x4134 0x2d0003 0x4134 0xffffffffffffffe0 oops 0
ciMethodData java/util/HashMap hash (Ljava/lang/Object;)I 2 43309 orig 144 104 11 167 111 0 0 0 0 176 121 224 22 0 0 0 0 16 1 0 0 0 0 0 0 1 0 0 0 0 0 0 0 0 0 0 0 0 0 0 0 0 0 0 0 0 0 0 0 0 0 2 0 0 0 0 0 0 0 0 0 0 0 0 0 17 0 0 0 0 0 0 0 0 0 0 0 0 0 0 0 0 0 0 0 0 0 0 0 0 0 0 0 0 0 0 0 28 1 0 0 129 64 5 0 1 0 0 0 135 97 0 0 0 0 0 0 0 0 6 0 4 0 1 0 104 0 0 0 255 255 255 255 0 0 0 0 7 0 1 0 0 0 0 0 data 13 0x10007 0xa747 0x38 0xcb 0x50003 0xcb 0x48 0x90005 0x210b 0x175ef970 0x7b28 0x19cfacd0 0x6d0 oops 2 9 java/lang/String 11 java/util/jar/Attributes$Name
ciMethodData java/lang/String startsWith (Ljava/lang/String;I)Z 2 7475 orig 144 104 11 167 111 0 0 0 0 120 77 210 22 0 0 0 0 56 1 0 0 32 0 0 0 0 0 0 0 0 0 0 0 0 0 0 0 0 0 0 0 0 0 0 0 0 0 0 0 0 0 0 0 0 0 0 0 0 0 0 0 0 0 0 0 0 0 0 0 0 0 0 0 0 0 0 0 0 0 0 0 0 0 0 0 0 0 0 0 0 0 0 0 0 0 0 0 179 1 0 0 137 172 0 0 113 229 0 0 0 0 0 0 0 0 0 0 1 0 13 0 4 0 1 0 128 0 0 0 255 255 255 255 0 0 0 0 7 0 25 0 0 0 0 0 data 16 0x190007 0x1 0x40 0x1590 0x250007 0x1493 0x20 0xfd 0x2f0007 0x1a1 0x40 0x1cb1 0x410007 0x9bf 0xffffffffffffffe0 0x12f2 oops 0
ciMethodData java/lang/String startsWith (Ljava/lang/String;)Z 2 36067 orig 144 104 11 167 111 0 0 0 0 16 78 210 22 0 0 0 0 224 0 0 0 0 0 0 0 0 0 0 0 0 0 0 0 0 0 0 0 0 0 0 0 0 0 0 0 0 0 0 0 0 0 0 0 0 0 0 0 0 0 0 0 0 0 0 0 0 0 0 0 0 0 0 0 0 0 0 0 0 0 0 0 0 0 0 0 0 0 0 0 0 0 0 0 0 0 0 0 148 1 0 0 121 90 4 0 1 0 0 0 0 0 0 0 0 0 0 0 0 0 3 0 4 0 1 0 48 0 0 0 255 255 255 255 0 0 0 0 5 0 3 0 0 0 0 0 data 6 0x30005 0x2 0x175ef970 0x8b4d 0x0 0x0 oops 1 2 java/lang/String
ciMethodData java/util/HashMap containsKey (Ljava/lang/Object;)Z 2 5307 orig 144 104 11 167 111 0 0 0 0 0 132 224 22 0 0 0 0 40 1 0 0 0 0 0 0 0 0 0 0 0 0 0 0 0 0 0 0 0 0 0 0 0 0 0 0 0 0 0 0 0 0 0 0 0 0 0 0 0 0 0 0 0 0 0 0 17 0 0 0 0 0 0 0 0 0 0 0 0 0 0 0 1 0 0 0 0 0 0 0 0 0 0 0 0 0 0 0 34 0 0 0 201 164 0 0 1 0 0 0 0 0 0 0 0 0 0 0 0 0 10 0 4 0 1 0 120 0 0 0 255 255 255 255 0 0 0 0 2 0 2 0 0 0 0 0 data 15 0x20002 0x1499 0x60005 0xe5 0x19cf7980 0xfc6 0x19cf7d90 0x3ee 0x90007 0xcb4 0x38 0x7e5 0xd0003 0x7e5 0x18 oops 2 4 java/util/HashMap 6 java/util/LinkedHashMap
ciMethodData java/util/HashMap getNode (ILjava/lang/Object;)Ljava/util/HashMap$Node; 2 12615 orig 144 104 11 167 111 0 0 0 0 96 131 224 22 0 0 0 0 112 3 0 0 160 0 0 0 1 0 0 0 0 0 0 0 0 0 0 0 0 0 0 0 0 0 0 0 0 0 0 0 0 0 1 0 0 0 0 0 0 0 0 0 0 0 0 0 17 0 0 0 0 0 0 0 0 0 0 0 0 0 0 0 1 0 0 0 0 0 0 0 0 0 0 0 0 0 0 0 239 0 0 0 193 130 1 0 1 18 0 0 6 28 0 0 56 2 0 0 1 0 37 0 4 0 1 0 176 2 0 0 255 255 255 255 0 0 0 0 7 0 6 0 0 0 0 0 data 86 0x60007 0x9e0 0x2b0 0x2678 0xe0007 0x0 0x290 0x2678 0x1c0007 0xa27 0x270 0x1c51 0x250007 0xac3 0xb0 0x118e 0x310007 0x96c 0x90 0x822 0x350007 0x1 0x70 0x822 0x3b0005 0x38d 0x19cfacd0 0xea 0x175ef970 0x3ab 0x3e0007 0x47 0x20 0x7db 0x4c0007 0x57c 0x1a0 0x58f 0x510004 0xfffffffffffffa71 0x19cf8ca0 0x17 0x0 0x0 0x540007 0x58f 0x80 0x0 0x590004 0x0 0x0 0x0 0x0 0x0 0x5e0005 0x0 0x0 0x0 0x0 0x0 0x680007 0x243 0xb0 0x4bd 0x740007 0x142 0x90 0x37b 0x780007 0x0 0x70 0x37b 0x7e0005 0x1a4 0x19cfacd0 0xda 0x175ef970 0xfd 0x810007 0x0 0x20 0x37b 0x8f0007 0x171 0xffffffffffffff50 0xd2 oops 5 26 java/util/jar/Attributes$Name 28 java/lang/String 40 java/util/HashMap$Node 74 java/util/jar/Attributes$Name 76 java/lang/String
ciMethod java/util/IdentityHashMap maskNull (Ljava/lang/Object;)Ljava/lang/Object; 4097 1 8936 0 0
ciMethod java/util/IdentityHashMap <init> (I)V 345 1 43 0 -1
ciMethod java/util/IdentityHashMap hash (Ljava/lang/Object;I)I 4097 1 9904 0 0
ciMethod java/util/IdentityHashMap nextKeyIndex (II)I 3081 1 3622 0 0
ciMethod java/util/IdentityHashMap get (Ljava/lang/Object;)Ljava/lang/Object; 2049 561 5120 0 0
ciMethod java/util/concurrent/atomic/AtomicReference get ()Ljava/lang/Object; 1281 1 160 0 0
ciMethod java/util/concurrent/atomic/AtomicReference set (Ljava/lang/Object;)V 1833 1 252 0 -1
ciMethod java/util/concurrent/atomic/AtomicReference compareAndSet (Ljava/lang/Object;Ljava/lang/Object;)Z 4017 1 510 0 0
ciMethod org/eclipse/sisu/inject/BindingPublisher subscribe (Lorg/eclipse/sisu/inject/BindingSubscriber;)V 0 0 1 0 -1
ciMethod org/eclipse/sisu/inject/BindingSubscriber type ()Lcom/google/inject/TypeLiteral; 0 0 1 0 -1
ciMethod org/eclipse/sisu/inject/RankedSequence poll ()Ljava/lang/Object; 905 1 127 0 0
ciMethod org/eclipse/sisu/inject/RankedSequence topRank ()I 1809 1 252 0 0
ciMethod org/eclipse/sisu/inject/RankedSequence uid2rank (J)I 1577 1 394 0 0
ciMethod org/eclipse/sisu/inject/RankedSequence safeBinarySearch ([JJ)I 1073 17 670 0 0
ciMethod org/eclipse/sisu/inject/ImplicitBindings get (Lcom/google/inject/TypeLiteral;)Lcom/google/inject/Binding; 0 0 1 0 0
ciMethod com/google/inject/Injector getBindings ()Ljava/util/Map; 0 0 1 0 -1
ciMethod com/google/inject/Injector getBinding (Lcom/google/inject/Key;)Lcom/google/inject/Binding; 0 0 1 0 -1
ciMethod com/google/inject/Key getTypeLiteral ()Lcom/google/inject/TypeLiteral; 1153 1 144 0 0
ciMethod com/google/inject/Key getAnnotation ()Ljava/lang/annotation/Annotation; 753 1 112 0 -1
ciMethod com/google/inject/Key get (Lcom/google/inject/TypeLiteral;)Lcom/google/inject/Key; 2049 1 559 0 -1
ciMethod com/google/inject/spi/Element getSource ()Ljava/lang/Object; 0 0 1 0 -1
ciMethod com/google/inject/Binding getKey ()Lcom/google/inject/Key; 0 0 1 0 -1
ciMethod com/google/inject/Binding getProvider ()Lcom/google/inject/Provider; 0 0 1 0 -1
ciMethod com/google/inject/Binding acceptScopingVisitor (Lcom/google/inject/spi/BindingScopingVisitor;)Ljava/lang/Object; 0 0 1 0 -1
ciMethod com/google/inject/TypeLiteral getRawType ()Ljava/lang/Class; 1377 1 172 0 -1
ciMethod com/google/inject/TypeLiteral getType ()Ljava/lang/reflect/Type; 1153 1 144 0 -1
ciMethod com/google/inject/TypeLiteral get (Ljava/lang/Class;)Lcom/google/inject/TypeLiteral; 2049 1 1001 0 -1
ciMethod com/google/inject/internal/BindingImpl getInjector ()Lcom/google/inject/internal/InjectorImpl; 289 1 36 0 -1
ciMethod com/google/inject/internal/LinkedBindingImpl getLinkedKey ()Lcom/google/inject/Key; 1089 1 136 0 -1
ciMethod com/google/inject/Scopes isSingleton (Lcom/google/inject/Binding;)Z 2049 145 251 0 0
ciMethod com/google/inject/Scope scope (Lcom/google/inject/Key;Lcom/google/inject/Provider;)Lcom/google/inject/Provider; 0 0 1 0 -1
ciMethod com/google/inject/Scopes$1 scope (Lcom/google/inject/Key;Lcom/google/inject/Provider;)Lcom/google/inject/Provider; 1809 1 214 0 0
ciMethod com/google/inject/name/Named value ()Ljava/lang/String; 0 0 1 0 -1
ciMethodData java/lang/String toString ()Ljava/lang/String; 2 9369 orig 144 104 11 167 111 0 0 0 0 184 109 210 22 0 0 0 0 168 0 0 0 0 0 0 0 0 0 0 0 0 0 0 0 0 0 0 0 0 0 0 0 0 0 0 0 0 0 0 0 0 0 0 0 0 0 0 0 0 0 0 0 0 0 0 0 0 0 0 0 0 0 0 0 0 0 0 0 0 0 0 0 0 0 0 0 0 0 0 0 0 0 0 0 0 0 0 0 77 0 0 0 97 34 1 0 1 0 0 0 0 0 0 0 0 0 0 0 0 0 3 0 3 0 0 0 0 0 0 0 255 255 255 255 0 0 0 0 0 0 0 0 0 0 0 0 data 0 oops 0
ciMethod org/eclipse/sisu/inject/Logs trace (Ljava/lang/String;Ljava/lang/Object;Ljava/lang/Object;)V 41 1 4 0 -1
ciMethod org/eclipse/sisu/inject/TypeArguments implicitKey (Ljava/lang/Class;)Lcom/google/inject/Key; 0 0 1 0 -1
ciMethodData java/util/HashSet contains (Ljava/lang/Object;)Z 2 6208 orig 144 104 11 167 111 0 0 0 0 8 150 237 22 0 0 0 0 224 0 0 0 0 0 0 0 0 0 0 0 0 0 0 0 0 0 0 0 0 0 0 0 0 0 0 0 0 0 0 0 0 0 0 0 0 0 0 0 0 0 0 0 0 0 0 0 0 0 0 0 0 0 0 0 0 0 0 0 0 0 0 0 0 0 0 0 0 0 0 0 0 0 0 0 0 0 0 0 0 1 0 0 1 186 0 0 1 0 0 0 0 0 0 0 0 0 0 0 0 0 3 0 4 0 1 0 48 0 0 0 255 255 255 255 0 0 0 0 5 0 5 0 0 0 0 0 data 6 0x50005 0x0 0x19cf7980 0x1699 0x19cf7d90 0xa7 oops 2 2 java/util/HashMap 4 java/util/LinkedHashMap
ciMethodData java/util/IdentityHashMap hash (Ljava/lang/Object;I)I 2 9904 orig 144 104 11 167 111 0 0 0 0 80 106 7 23 0 0 0 0 192 0 0 0 0 0 0 0 0 0 0 0 0 0 0 0 0 0 0 0 0 0 0 0 0 0 0 0 0 0 0 0 0 0 0 0 0 0 0 0 0 0 0 0 0 0 0 0 0 0 0 0 0 0 0 0 0 0 0 0 0 0 0 0 0 0 0 0 0 0 0 0 0 0 0 0 0 0 0 0 0 2 0 0 129 37 1 0 1 0 0 0 0 0 0 0 0 0 0 0 0 0 3 0 3 0 1 0 16 0 0 0 255 255 255 255 0 0 0 0 2 0 1 0 0 0 0 0 data 2 0x10002 0x24b0 oops 0
ciMethod com/google/inject/spi/ExposedBinding getPrivateElements ()Lcom/google/inject/spi/PrivateElements; 0 0 1 0 -1
ciMethod com/google/inject/Scopes$1$1 <init> (Lcom/google/inject/Scopes$1;Lcom/google/inject/Provider;)V 1809 1 214 0 -1
ciMethodData java/util/IdentityHashMap nextKeyIndex (II)I 2 3622 orig 144 104 11 167 111 0 0 0 0 240 106 7 23 0 0 0 0 232 0 0 0 0 0 0 0 0 0 0 0 0 0 0 0 0 0 0 0 0 0 0 0 0 0 0 0 0 0 0 0 0 0 0 0 0 0 0 0 0 0 0 0 0 0 0 0 0 0 0 0 0 0 0 0 0 0 0 0 0 0 0 0 0 0 0 0 0 0 0 0 0 0 0 0 0 0 0 0 129 1 0 0 41 101 0 0 1 0 0 0 0 0 0 0 0 0 0 0 0 0 6 0 3 0 1 0 56 0 0 0 255 255 255 255 0 0 0 0 7 0 4 0 0 0 0 0 data 7 0x40007 0x6 0x38 0xc9f 0xa0003 0xc9f 0x18 oops 0
ciMethodData java/util/IdentityHashMap maskNull (Ljava/lang/Object;)Ljava/lang/Object; 2 8936 orig 144 104 11 167 111 0 0 0 0 72 100 7 23 0 0 0 0 224 0 0 0 0 0 0 0 0 0 0 0 0 0 0 0 0 0 0 0 0 0 0 0 0 0 0 0 0 0 0 0 0 0 0 0 0 0 0 0 0 0 0 0 0 0 0 0 0 0 0 0 0 0 0 0 0 0 0 0 0 0 0 0 0 0 0 0 0 0 0 0 0 0 0 0 0 0 0 0 0 2 0 0 65 7 1 0 1 0 0 0 0 0 0 0 0 0 0 0 0 0 6 0 3 0 1 0 56 0 0 0 255 255 255 255 0 0 0 0 7 0 1 0 0 0 0 0 data 7 0x10007 0x20e8 0x38 0x0 0x70003 0x0 0x18 oops 0
ciMethod org/eclipse/sisu/inject/InjectorPublisher getInjector ()Lcom/google/inject/Injector; 0 0 1 0 -1
ciMethod org/eclipse/sisu/inject/InjectorPublisher subscribe (Lorg/eclipse/sisu/inject/BindingSubscriber;)V 905 1 127 0 0
ciMethod org/eclipse/sisu/inject/InjectorPublisher isVisible (Lcom/google/inject/Binding;)Z 2049 1 269 0 -1
ciMethod org/eclipse/sisu/inject/InjectorPublisher publishBindings (Lcom/google/inject/TypeLiteral;Lorg/eclipse/sisu/inject/BindingSubscriber;Lcom/google/inject/TypeLiteral;)V 2177 2217 254 0 -1
ciMethod org/eclipse/sisu/inject/RankedSequence$Content remove (I)Lorg/eclipse/sisu/inject/RankedSequence$Content; 905 1 127 0 -1
ciMethod org/eclipse/sisu/inject/QualifyingStrategy qualifies (Lcom/google/inject/Key;Lcom/google/inject/Binding;)Ljava/lang/annotation/Annotation; 0 0 1 0 -1
ciMethod org/eclipse/sisu/inject/QualifyingStrategy qualify (Lcom/google/inject/Key;)Ljava/lang/annotation/Annotation; 3177 1 415 0 -1
ciMethod org/eclipse/sisu/inject/QualifyingStrategy$2 qualifies (Lcom/google/inject/Key;Lcom/google/inject/Binding;)Ljava/lang/annotation/Annotation; 2001 1 247 0 0
ciMethod org/eclipse/sisu/inject/QualifyingStrategy$3 qualifies (Lcom/google/inject/Key;Lcom/google/inject/Binding;)Ljava/lang/annotation/Annotation; 145 1 15 0 0
ciMethod org/eclipse/sisu/inject/BeanCache create (Ljava/lang/annotation/Annotation;Lcom/google/inject/Binding;I)Lorg/eclipse/sisu/BeanEntry; 1033 1 255 0 0
ciMethod org/eclipse/sisu/inject/BeanCache createMap (Lorg/eclipse/sisu/inject/LazyBeanEntry;Lorg/eclipse/sisu/inject/LazyBeanEntry;)Ljava/util/Map; 41 1 5 0 0
ciMethod org/eclipse/sisu/BeanEntry getSource ()Ljava/lang/Object; 0 0 1 0 -1
ciMethod org/eclipse/sisu/inject/LazyBeanEntry <init> (Ljava/lang/annotation/Annotation;Lcom/google/inject/Binding;I)V 2009 1 251 0 0
ciMethod org/eclipse/sisu/inject/LazyBeanEntry getSource ()Ljava/lang/Object; 1577 1 2496 0 0
ciMethod org/eclipse/sisu/plexus/RealmFilter$FilteredItr hasNext ()Z 3153 1577 5555 0 -1
ciMethod org/eclipse/sisu/inject/LocatedBeans$Itr hasNext ()Z 2081 1041 5563 0 0
ciMethod org/eclipse/sisu/inject/LocatedBeans$Itr next ()Lorg/eclipse/sisu/BeanEntry; 2081 1 2496 0 0
ciMethod org/eclipse/sisu/inject/LocatedBeans$Itr next ()Ljava/lang/Object; 2081 1 2496 0 0
ciMethod org/eclipse/sisu/inject/RankedBindings$Itr hasNext ()Z 1057 545 3074 0 0
ciMethod org/eclipse/sisu/inject/RankedBindings$Itr next ()Lcom/google/inject/Binding; 1041 1 2503 0 0
ciMethod org/eclipse/sisu/inject/RankedBindings$Itr rank ()I 1033 1 255 0 0
ciMethod org/eclipse/sisu/inject/RankedSequence$Itr hasNext ()Z 2065 1 5383 0 640
ciMethod org/eclipse/sisu/inject/RankedSequence$Itr peekNextRank ()I 1809 1 256 0 0
ciMethod org/eclipse/sisu/inject/RankedSequence$Itr next ()Ljava/lang/Object; 1041 1 2503 0 0
ciMethod org/eclipse/sisu/inject/RankedSequence$Itr rank ()I 1033 1 255 0 0
ciMethod org/eclipse/sisu/inject/LazyBeanEntry$JsrNamed <init> (Lcom/google/inject/name/Named;)V 2009 1 251 0 0
ciMethodData org/eclipse/sisu/inject/RankedSequence$Itr hasNext ()Z 2 5383 orig 144 104 11 167 111 0 0 0 0 232 91 29 27 0 0 0 0 216 1 0 0 208 0 0 0 0 0 0 0 0 0 0 0 0 0 0 0 0 0 0 0 0 0 0 0 0 0 0 0 0 0 0 0 0 0 0 0 0 0 0 0 0 0 0 0 0 0 0 0 0 0 0 0 0 0 0 0 0 0 0 0 0 0 0 0 0 0 0 0 0 0 0 0 0 0 0 0 2 1 0 0 41 160 0 0 1 0 0 0 0 0 0 0 0 0 0 0 0 0 16 0 4 0 1 0 40 1 0 0 255 255 255 255 0 0 0 0 7 0 4 0 0 0 0 0 data 37 0x40007 0xb0a 0x20 0x8fb 0xd0005 0x2 0x18c9d4f0 0xb08 0x0 0x0 0x100104 0x0 0x1a402450 0xa27 0x0 0x0 0x190007 0x91d 0x68 0x1ed 0x1e0007 0x0 0x48 0x1ed 0x290002 0x1ed 0x2c0003 0x1ed 0x18 0x3c0007 0xe3 0x40 0xa27 0x4b0007 0x12c 0x20 0x8fb oops 2 6 org/eclipse/sisu/inject/RankedSequence 12 org/eclipse/sisu/inject/RankedSequence$Content
ciMethodData org/eclipse/sisu/inject/RankedSequence safeBinarySearch ([JJ)I 1 670 orig 144 104 11 167 111 0 0 0 0 56 107 26 23 0 0 0 0 144 1 0 0 32 0 0 0 0 0 0 0 0 0 0 0 0 0 0 0 0 0 0 0 0 0 0 0 0 0 0 0 0 0 0 0 0 0 0 0 0 0 0 0 0 0 0 0 0 0 0 0 0 0 0 0 0 0 0 0 0 0 0 0 0 0 0 0 0 0 0 0 0 0 0 0 0 0 0 0 134 0 0 0 193 16 0 0 113 1 0 0 0 0 0 0 0 0 0 0 1 0 15 0 3 0 1 0 208 0 0 0 255 255 255 255 0 0 0 0 7 0 5 0 0 0 0 0 data 26 0x50007 0x1d 0x20 0x1fb 0x120003 0x1d 0x50 0x230007 0x2a 0x38 0x0 0x2a0003 0x0 0x18 0x350007 0x2a 0xffffffffffffffc8 0x1d 0x3d0007 0x0 0x40 0x1d 0x450007 0x0 0x20 0x1d oops 0
ciMethodData org/eclipse/sisu/inject/LocatedBeans$Itr hasNext ()Z 2 5563 orig 144 104 11 167 111 0 0 0 0 232 68 29 27 0 0 0 0 112 3 0 0 0 0 0 0 0 0 0 0 0 0 0 0 0 0 0 0 0 0 0 0 0 0 0 0 0 0 0 0 0 0 0 0 0 0 0 0 0 0 0 0 0 0 0 0 0 0 0 0 0 0 0 0 0 0 0 0 0 0 0 0 0 0 0 0 0 0 0 0 0 0 0 0 0 0 0 0 4 1 0 0 185 165 0 0 241 91 0 0 0 0 0 0 0 0 0 0 1 0 20 0 3 0 1 0 192 2 0 0 255 255 255 255 0 0 0 0 7 0 4 0 0 0 0 0 data 88 0x40007 0xb78 0x1a0 0x93f 0xd0005 0x3 0x1a49b2e0 0x942 0x0 0x0 0x150007 0x84 0xa0 0x8c1 0x1e0005 0x0 0x18c98f10 0x8c1 0x0 0x0 0x230004 0x0 0x1a495490 0x8c1 0x0 0x0 0x2a0007 0x0 0x20 0x8c1 0x3e0005 0x0 0x18c98fc0 0x77 0x18c99070 0xd 0x430007 0x6 0x80 0x7e 0x540005 0x3 0x1a49b2e0 0x7b 0x0 0x0 0x570005 0x3 0x18c96ef0 0x7b 0x0 0x0 0x630005 0x3 0x1a49b2e0 0xb7b 0x0 0x0 0x660007 0x945 0xfffffffffffffe50 0x239 0x6d0007 0x239 0xd0 0x0 0x7e0005 0x0 0x0 0x0 0x0 0x0 0x810005 0x0 0x0 0x0 0x0 0x0 0x860007 0x0 0x50 0x0 0x970005 0x0 0x0 0x0 0x0 0x0 oops 8 6 org/eclipse/sisu/inject/RankedBindings$Itr 16 java/util/IdentityHashMap 22 org/eclipse/sisu/inject/LazyBeanEntry 32 org/eclipse/sisu/inject/QualifyingStrategy$2 34 org/eclipse/sisu/inject/QualifyingStrategy$3 42 org/eclipse/sisu/inject/RankedBindings$Itr 48 org/eclipse/sisu/inject/BeanCache 54 org/eclipse/sisu/inject/RankedBindings$Itr
ciMethodData org/eclipse/sisu/inject/RankedBindings$Itr hasNext ()Z 2 3074 orig 144 104 11 167 111 0 0 0 0 184 80 29 27 0 0 0 0 168 2 0 0 184 1 0 0 0 0 0 0 0 0 0 0 0 0 0 0 0 0 0 0 0 0 0 0 0 0 0 0 0 0 0 0 0 0 0 0 0 0 0 0 0 0 0 0 0 0 0 0 0 0 0 0 0 0 0 0 0 0 0 0 0 0 0 0 0 0 0 0 0 0 0 0 0 0 0 0 132 0 0 0 241 91 0 0 241 1 0 0 0 0 0 0 0 0 0 0 1 0 22 0 3 0 1 0 0 2 0 0 255 255 255 255 0 0 0 0 7 0 11 0 0 0 0 0 data 64 0xb0007 0xb44 0x1d0 0x3a 0x130005 0x2d 0x18c9c660 0xd 0x0 0x0 0x160007 0x1 0x180 0x39 0x230003 0x39 0xa8 0x2d0005 0x2d 0x18c9d4f0 0xe 0x0 0x0 0x300004 0x0 0x1a3fee20 0x3b 0x0 0x0 0x370005 0x0 0x1a3fee20 0x3b 0x0 0x0 0x430005 0x5a 0x18c9d4f0 0x1a 0x0 0x0 0x4a0007 0x36 0x70 0x3e 0x520005 0x2d 0x18c9c660 0x11 0x0 0x0 0x550007 0x3b 0xfffffffffffffef0 0x3 0x620003 0x39 0x18 0x6c0005 0x173 0x18c9c660 0xa0b 0x0 0x0 oops 7 6 org/eclipse/sisu/inject/RankedSequence$Itr 19 org/eclipse/sisu/inject/RankedSequence 25 org/eclipse/sisu/inject/InjectorPublisher 31 org/eclipse/sisu/inject/InjectorPublisher 37 org/eclipse/sisu/inject/RankedSequence 47 org/eclipse/sisu/inject/RankedSequence$Itr 60 org/eclipse/sisu/inject/RankedSequence$Itr
ciMethodData org/eclipse/sisu/inject/ImplicitBindings get (Lcom/google/inject/TypeLiteral;)Lcom/google/inject/Binding; 1 0 orig 144 104 11 167 111 0 0 0 0 0 201 26 23 0 0 0 0 160 5 0 0 232 2 0 0 0 0 0 0 0 0 0 0 0 0 0 0 0 0 0 0 0 0 0 0 0 0 0 0 0 0 0 0 0 0 0 0 0 0 0 0 0 0 0 0 0 0 0 0 0 0 0 0 0 0 0 0 0 0 0 0 0 0 0 0 0 0 0 0 0 0 0 0 0 0 0 0 0 0 0 0 1 0 0 0 1 0 0 0 0 0 0 0 0 0 0 0 0 0 0 0 0 0 1 0 232 4 0 0 255 255 255 255 0 0 0 0 5 0 1 0 0 0 0 0 data 157 0x10005 0x0 0x0 0x0 0x0 0x0 0x40002 0x0 0xc0005 0x0 0x0 0x0 0x0 0x0 0x130003 0x0 0x1e8 0x180005 0x0 0x0 0x0 0x0 0x0 0x1d0004 0x0 0x0 0x0 0x0 0x0 0x220004 0x0 0x0 0x0 0x0 0x0 0x250007 0x0 0x140 0x0 0x290004 0x0 0x0 0x0 0x0 0x0 0x2c0005 0x0 0x0 0x0 0x0 0x0 0x330005 0x0 0x0 0x0 0x0 0x0 0x390005 0x0 0x0 0x0 0x0 0x0 0x3e0004 0x0 0x0 0x0 0x0 0x0 0x450007 0x0 0x30 0x0 0x4e0002 0x0 0x560005 0x0 0x0 0x0 0x0 0x0 0x5b0007 0x0 0xfffffffffffffe00 0x0 0x5f0002 0x0 0x670005 0x0 0x0 0x0 0x0 0x0 0x6e0003 0x0 0x1b0 0x730005 0x0 0x0 0x0 0x0 0x0 0x780004 0x0 0x0 0x0 0x0 0x0 0x7f0004 0x0 0x0 0x0 0x0 0x0 0x820007 0x0 0x108 0x0 0x870004 0x0 0x0 0x0 0x0 0x0 0x8a0005 0x0 0x0 0x0 0x0 0x0 0x920005 0x0 0x0 0x0 0x0 0x0 0x9b0002 0x0 0x9e0007 0x0 0x48 0x0 0xa70002 0x0 0xae0003 0x0 0x18 0xb40005 0x0 0x0 0x0 0x0 0x0 0xb90007 0x0 0xfffffffffffffe38 0x0 oops 0
ciMethodData org/eclipse/sisu/inject/BeanCache create (Ljava/lang/annotation/Annotation;Lcom/google/inject/Binding;I)Lorg/eclipse/sisu/BeanEntry; 1 255 orig 144 104 11 167 111 0 0 0 0 176 212 28 27 0 0 0 0 168 3 0 0 16 2 0 0 0 0 0 0 0 0 0 0 0 0 0 0 0 0 0 0 0 0 0 0 0 0 0 0 0 0 0 0 0 0 0 0 0 0 0 0 0 0 0 0 0 0 0 0 0 0 0 0 0 0 0 0 0 0 0 0 0 0 0 0 0 0 0 0 0 0 0 0 0 0 0 0 129 0 0 0 241 3 0 0 1 0 0 0 0 0 0 0 0 0 0 0 0 0 0 0 0 0 1 0 224 2 0 0 255 255 255 255 0 0 0 0 5 0 1 0 0 0 0 0 data 92 0x10005 0x7e 0x0 0x0 0x0 0x0 0x80007 0x17 0x48 0x67 0x120002 0x67 0x1a0003 0x67 0x1e0 0x1f0004 0xfffffffffffffff2 0x1a495490 0x9 0x18c98f10 0xe 0x220007 0xe 0xa8 0x9 0x270004 0x0 0x1a495490 0x9 0x0 0x0 0x320007 0x5 0x20 0x4 0x410002 0x5 0x470002 0x5 0x4c0003 0x5 0x108 0x560004 0x0 0x18c98f10 0xe 0x0 0x0 0x5e0005 0x0 0x18c98f10 0xe 0x0 0x0 0x630104 0x0 0x0 0x0 0x0 0x0 0x690007 0x0 0x60 0xe 0x760002 0xe 0x7c0005 0x0 0x18c98f10 0xe 0x0 0x0 0x960005 0x6c 0x0 0x0 0x0 0x0 0x990007 0x0 0xfffffffffffffd90 0x6c 0x9e0004 0xffffffffffffff99 0x1a495490 0x67 0x18c98f10 0x5 0xa10007 0x67 0x20 0x5 oops 8 17 org/eclipse/sisu/inject/LazyBeanEntry 19 java/util/IdentityHashMap 27 org/eclipse/sisu/inject/LazyBeanEntry 44 java/util/IdentityHashMap 50 java/util/IdentityHashMap 68 java/util/IdentityHashMap 84 org/eclipse/sisu/inject/LazyBeanEntry 86 java/util/IdentityHashMap
ciMethodData org/eclipse/sisu/inject/RankedBindings$Itr next ()Lcom/google/inject/Binding; 2 2503 orig 144 104 11 167 111 0 0 0 0 96 81 29 27 0 0 0 0 8 1 0 0 0 0 0 0 0 0 0 0 0 0 0 0 0 0 0 0 0 0 0 0 0 0 0 0 0 0 0 0 0 0 0 0 0 0 0 0 0 0 0 0 0 0 0 0 0 0 0 0 0 0 0 0 0 0 0 0 0 0 0 0 0 0 0 0 0 0 0 0 0 0 0 0 0 0 0 0 130 0 0 0 41 74 0 0 1 0 0 0 0 0 0 0 0 0 0 0 0 0 0 0 0 0 1 0 96 0 0 0 255 255 255 255 0 0 0 0 5 0 4 0 0 0 0 0 data 12 0x40005 0x3 0x18c9c660 0x942 0x0 0x0 0x70004 0x0 0x198d1dc0 0x919 0x198d1e70 0x4 oops 3 2 org/eclipse/sisu/inject/RankedSequence$Itr 8 com/google/inject/internal/ProviderInstanceBindingImpl 10 com/google/inject/internal/LinkedBindingImpl
ciMethodData org/eclipse/sisu/inject/RankedSequence$Itr next ()Ljava/lang/Object; 2 2503 orig 144 104 11 167 111 0 0 0 0 224 93 29 27 0 0 0 0 8 1 0 0 48 0 0 0 0 0 0 0 0 0 0 0 0 0 0 0 0 0 0 0 0 0 0 0 0 0 0 0 0 0 0 0 0 0 0 0 0 0 0 0 0 0 0 0 0 0 0 0 0 0 0 0 0 0 0 0 0 0 0 0 0 0 0 0 0 0 0 0 0 0 0 0 0 0 0 0 130 0 0 0 41 74 0 0 1 0 0 0 0 0 0 0 0 0 0 0 0 0 5 0 3 0 1 0 96 0 0 0 255 255 255 255 0 0 0 0 5 0 1 0 0 0 0 0 data 12 0x10005 0x157 0x18c9c660 0x7ee 0x0 0x0 0x40007 0x0 0x20 0x945 0x2b0002 0x0 oops 1 2 org/eclipse/sisu/inject/RankedSequence$Itr
ciMethodData org/eclipse/sisu/inject/RankedBindings$Itr rank ()I 1 255 orig 144 104 11 167 111 0 0 0 0 8 82 29 27 0 0 0 0 216 0 0 0 0 0 0 0 0 0 0 0 0 0 0 0 0 0 0 0 0 0 0 0 0 0 0 0 0 0 0 0 0 0 0 0 0 0 0 0 0 0 0 0 0 0 0 0 0 0 0 0 0 0 0 0 0 0 0 0 0 0 0 0 0 0 0 0 0 0 0 0 0 0 0 0 0 0 0 0 129 0 0 0 241 3 0 0 1 0 0 0 0 0 0 0 0 0 0 0 0 0 0 0 0 0 1 0 48 0 0 0 255 255 255 255 0 0 0 0 5 0 4 0 0 0 0 0 data 6 0x40005 0x3 0x18c9c660 0x7b 0x0 0x0 oops 1 2 org/eclipse/sisu/inject/RankedSequence$Itr
ciMethodData org/eclipse/sisu/inject/RankedSequence$Itr rank ()I 1 255 orig 144 104 11 167 111 0 0 0 0 136 94 29 27 0 0 0 0 184 0 0 0 0 0 0 0 0 0 0 0 0 0 0 0 0 0 0 0 0 0 0 0 0 0 0 0 0 0 0 0 0 0 0 0 0 0 0 0 0 0 0 0 0 0 0 0 0 0 0 0 0 0 0 0 0 0 0 0 0 0 0 0 0 0 0 0 0 0 0 0 0 0 0 0 0 0 0 0 129 0 0 0 241 3 0 0 1 0 0 0 0 0 0 0 0 0 0 0 0 0 0 0 0 0 1 0 16 0 0 0 255 255 255 255 0 0 0 0 2 0 4 0 0 0 0 0 data 2 0x40002 0x7e oops 0
ciMethodData org/eclipse/sisu/inject/RankedSequence uid2rank (J)I 2 394 orig 144 104 11 167 111 0 0 0 0 8 106 26 23 0 0 0 0 176 0 0 0 0 0 0 0 0 0 0 0 0 0 0 0 0 0 0 0 0 0 0 0 0 0 0 0 0 0 0 0 0 0 0 0 0 0 0 0 0 0 0 0 0 0 0 0 0 0 0 0 0 0 0 0 0 0 0 0 0 0 0 0 0 0 0 0 0 0 0 0 0 0 0 0 0 0 0 0 197 0 0 0 41 6 0 0 1 0 0 0 0 0 0 0 0 0 0 0 0 0 3 0 3 0 0 0 0 0 0 0 255 255 255 255 0 0 0 0 0 0 0 0 0 0 0 0 data 0 oops 0
ciMethodData org/eclipse/sisu/plexus/RealmFilter$FilteredItr hasNext ()Z 2 5555 orig 144 104 11 167 111 0 0 0 0 176 55 29 27 0 0 0 0 120 2 0 0 0 0 0 0 0 0 0 0 0 0 0 0 0 0 0 0 0 0 0 0 0 0 0 0 0 0 0 0 0 0 0 0 0 0 0 0 0 0 0 0 0 0 0 0 0 0 0 0 0 0 0 0 0 0 0 0 0 0 0 0 0 0 0 0 0 0 0 0 0 0 0 0 0 0 0 0 138 1 0 0 73 161 0 0 161 89 0 0 0 0 0 0 0 0 0 0 1 0 13 0 3 0 1 0 208 1 0 0 255 255 255 255 0 0 0 0 7 0 4 0 0 0 0 0 data 58 0x40007 0xb34 0x180 0x8f5 0xe0005 0x0 0x1a4953e0 0x8fb 0x0 0x0 0x130004 0x0 0x1a495490 0x8fb 0x0 0x0 0x1d0005 0x0 0x1a495490 0x8fb 0x0 0x0 0x220005 0x4 0x175ef970 0x8f6 0x177029c0 0x1 0x290005 0x4 0x175ef970 0x8f7 0x0 0x0 0x2c0007 0x1 0x70 0x8fa 0x340005 0x0 0x1a495540 0x8fa 0x0 0x0 0x390007 0x0 0x20 0x8fa 0x420005 0x0 0x1a4953e0 0xb34 0x0 0x0 0x470007 0x8fb 0xfffffffffffffe70 0x239 oops 8 6 org/eclipse/sisu/inject/LocatedBeans$Itr 12 org/eclipse/sisu/inject/LazyBeanEntry 18 org/eclipse/sisu/inject/LazyBeanEntry 24 java/lang/String 26 java/lang/StackTraceElement 30 java/lang/String 40 java/util/HashSet 50 org/eclipse/sisu/inject/LocatedBeans$Itr
ciMethodData org/eclipse/sisu/inject/LazyBeanEntry getSource ()Ljava/lang/Object; 2 2496 orig 144 104 11 167 111 0 0 0 0 88 236 28 27 0 0 0 0 216 0 0 0 0 0 0 0 0 0 0 0 0 0 0 0 0 0 0 0 0 0 0 0 0 0 0 0 0 0 0 0 0 0 0 0 0 0 0 0 0 0 0 0 0 0 0 0 0 0 0 0 0 0 0 0 0 0 0 0 0 0 0 0 0 0 0 0 0 0 0 0 0 0 0 0 0 0 0 0 197 0 0 0 217 71 0 0 1 0 0 0 0 0 0 0 0 0 0 0 0 0 0 0 0 0 1 0 48 0 0 0 255 255 255 255 0 0 0 0 5 0 4 0 0 0 0 0 data 6 0x40005 0x8e6 0x1a0a41c0 0x14 0x198d1e70 0x1 oops 2 2 com/google/inject/internal/ConstructorBindingImpl 4 com/google/inject/internal/LinkedBindingImpl
ciMethodData org/eclipse/sisu/inject/LocatedBeans$Itr next ()Ljava/lang/Object; 2 2496 orig 144 104 11 167 111 0 0 0 0 240 70 29 27 0 0 0 0 216 0 0 0 0 0 0 0 0 0 0 0 0 0 0 0 0 0 0 0 0 0 0 0 0 0 0 0 0 0 0 0 0 0 0 0 0 0 0 0 0 0 0 0 0 0 0 0 0 0 0 0 0 0 0 0 0 0 0 0 0 0 0 0 0 0 0 0 0 0 0 0 0 0 0 0 0 0 0 0 4 1 0 0 225 69 0 0 1 0 0 0 0 0 0 0 0 0 0 0 0 0 6 0 3 0 1 0 48 0 0 0 255 255 255 255 0 0 0 0 5 0 1 0 0 0 0 0 data 6 0x10005 0x0 0x1a4953e0 0x8bc 0x0 0x0 oops 1 2 org/eclipse/sisu/inject/LocatedBeans$Itr
ciMethodData org/eclipse/sisu/inject/LocatedBeans$Itr next ()Lorg/eclipse/sisu/BeanEntry; 2 2496 orig 144 104 11 167 111 0 0 0 0 184 69 29 27 0 0 0 0 8 1 0 0 48 0 0 0 0 0 0 0 0 0 0 0 0 0 0 0 0 0 0 0 0 0 0 0 0 0 0 0 0 0 0 0 0 0 0 0 0 0 0 0 0 0 0 0 0 0 0 0 0 0 0 0 0 0 0 0 0 0 0 0 0 0 0 0 0 0 0 0 0 0 0 0 0 0 0 0 4 1 0 0 225 69 0 0 1 0 0 0 0 0 0 0 0 0 0 0 0 0 5 0 3 0 1 0 96 0 0 0 255 255 255 255 0 0 0 0 5 0 1 0 0 0 0 0 data 12 0x10005 0x0 0x1a4953e0 0x8bc 0x0 0x0 0x40007 0x0 0x20 0x8bc 0x1c0002 0x0 oops 1 2 org/eclipse/sisu/inject/LocatedBeans$Itr
ciMethodData java/util/IdentityHashMap get (Ljava/lang/Object;)Ljava/lang/Object; 2 5120 orig 144 104 11 167 111 0 0 0 0 200 107 7 23 0 0 0 0 56 1 0 0 16 0 0 0 0 0 0 0 0 0 0 0 0 0 0 0 0 0 0 0 0 0 0 0 0 0 0 0 0 0 0 0 0 0 0 0 0 0 0 0 0 0 0 0 0 0 0 0 0 0 0 0 0 0 0 0 0 0 0 0 0 0 0 0 0 0 0 0 0 0 0 0 0 0 0 0 0 1 0 0 1 152 0 0 81 36 0 0 0 0 0 0 0 0 0 0 1 0 16 0 3 0 1 0 136 0 0 0 255 255 255 255 0 0 0 0 2 0 1 0 0 0 0 0 data 17 0x10002 0x1300 0x110002 0x1300 0x1f0007 0x721 0x20 0x1069 0x2b0007 0x48a 0x20 0x297 0x340002 0x48a 0x390003 0x48a 0xffffffffffffffb0 oops 0
ciMethodData org/eclipse/sisu/inject/RankedSequence$Itr peekNextRank ()I 1 256 orig 144 104 11 167 111 0 0 0 0 0 93 29 27 0 0 0 0 240 1 0 0 224 0 0 0 0 0 0 0 0 0 0 0 0 0 0 0 0 0 0 0 0 0 0 0 0 0 0 0 0 0 0 0 0 0 0 0 0 0 0 0 0 0 0 0 17 0 0 0 0 0 0 0 0 0 0 0 0 0 0 0 1 0 0 0 0 0 0 0 0 0 0 0 0 0 0 0 226 0 0 0 241 0 0 0 1 0 0 0 0 0 0 0 0 0 0 0 0 0 0 0 0 0 1 0 72 1 0 0 255 255 255 255 0 0 0 0 7 0 4 0 0 0 0 0 data 41 0x40007 0x1e 0x30 0x0 0xb0002 0x0 0x130005 0x1e 0x0 0x0 0x0 0x0 0x160104 0x0 0x1a402450 0x9 0x0 0x0 0x1f0007 0x17 0x68 0x7 0x240007 0x0 0x48 0x7 0x2f0002 0x7 0x320003 0x7 0x18 0x420007 0x15 0x50 0x9 0x510007 0x0 0x30 0x9 0x600002 0x9 oops 1 14 org/eclipse/sisu/inject/RankedSequence$Content
ciMethodData org/eclipse/sisu/inject/RankedSequence topRank ()I 1 252 orig 144 104 11 167 111 0 0 0 0 120 97 26 23 0 0 0 0 80 1 0 0 0 0 0 0 0 0 0 0 0 0 0 0 0 0 0 0 0 0 0 0 0 0 0 0 0 0 0 0 0 0 0 0 0 0 0 0 0 0 0 0 0 0 0 0 17 0 0 0 0 0 0 0 0 0 0 0 0 0 0 0 1 0 0 0 0 0 0 0 0 0 0 0 0 0 0 0 226 0 0 0 209 0 0 0 1 0 0 0 0 0 0 0 0 0 0 0 0 0 0 0 0 0 1 0 168 0 0 0 255 255 255 255 0 0 0 0 5 0 1 0 0 0 0 0 data 21 0x10005 0x0 0x18c9d4f0 0x1a 0x0 0x0 0x40104 0x0 0x1a402450 0x11 0x0 0x0 0x90007 0x9 0x48 0x11 0x120002 0x11 0x150003 0x11 0x18 oops 2 2 org/eclipse/sisu/inject/RankedSequence 8 org/eclipse/sisu/inject/RankedSequence$Content
ciMethodData org/eclipse/sisu/inject/RankedSequence poll ()Ljava/lang/Object; 1 127 orig 144 104 11 167 111 0 0 0 0 176 96 26 23 0 0 0 0 104 1 0 0 0 0 0 0 0 0 0 0 0 0 0 0 0 0 0 0 0 0 0 0 0 0 0 0 0 0 0 0 0 0 0 0 0 0 0 0 0 0 0 0 0 0 0 0 17 0 0 0 0 0 0 0 0 0 0 0 0 0 0 0 1 0 0 0 0 0 0 0 0 0 0 0 0 0 0 0 113 0 0 0 113 0 0 0 1 0 0 0 0 0 0 0 0 0 0 0 0 0 0 0 0 0 1 0 192 0 0 0 255 255 255 255 0 0 0 0 5 0 1 0 0 0 0 0 data 24 0x10005 0x0 0x18c9d4f0 0xe 0x0 0x0 0x40004 0x0 0x1a402450 0xe 0x0 0x0 0xb0005 0x0 0x1a402450 0xe 0x0 0x0 0xe0005 0x0 0x18c9d4f0 0xe 0x0 0x0 oops 4 2 org/eclipse/sisu/inject/RankedSequence 8 org/eclipse/sisu/inject/RankedSequence$Content 14 org/eclipse/sisu/inject/RankedSequence$Content 20 org/eclipse/sisu/inject/RankedSequence
ciMethodData org/eclipse/sisu/inject/InjectorPublisher subscribe (Lorg/eclipse/sisu/inject/BindingSubscriber;)V 1 127 orig 144 104 11 167 111 0 0 0 0 48 40 28 27 0 0 0 0 192 1 0 0 208 0 0 0 0 0 0 0 0 0 0 0 0 0 0 0 0 0 0 0 0 0 0 0 0 0 0 0 0 0 0 0 0 0 0 0 0 0 0 0 0 0 0 0 17 0 0 0 0 0 0 0 0 0 0 0 0 0 0 0 1 0 0 0 0 0 0 0 0 0 0 0 0 0 0 0 113 0 0 0 113 0 0 0 1 0 0 0 0 0 0 0 0 0 0 0 0 0 0 0 0 0 1 0 16 1 0 0 255 255 255 255 0 0 0 0 5 0 1 0 0 0 0 0 data 34 0x10005 0x0 0x18c9c120 0xe 0x0 0x0 0xb0002 0xe 0xf0005 0xe 0x0 0x0 0x0 0x0 0x150005 0xe 0x0 0x0 0x0 0x0 0x180007 0xe 0x40 0x0 0x1d0002 0x0 0x220002 0x0 0x280007 0x0 0x30 0xe 0x310002 0xe oops 1 2 org/eclipse/sisu/inject/RankedBindings
ciMethodData java/util/concurrent/atomic/AtomicReference compareAndSet (Ljava/lang/Object;Ljava/lang/Object;)Z 2 510 orig 144 104 11 167 111 0 0 0 0 184 150 7 23 0 0 0 0 232 0 0 0 0 0 0 0 0 0 0 0 0 0 0 0 0 0 0 0 0 0 0 0 0 0 0 0 0 0 0 0 0 0 0 0 0 0 0 0 0 0 0 0 0 0 0 0 0 0 0 0 0 0 0 0 0 0 0 0 0 0 0 0 0 0 0 0 0 0 0 0 0 0 0 0 0 0 0 0 246 1 0 0 65 0 0 0 1 0 0 0 0 0 0 0 0 0 0 0 0 0 3 0 3 0 0 0 48 0 0 0 255 255 255 255 0 0 0 0 5 0 9 0 0 0 0 0 data 6 0x90005 0x2 0x0 0x0 0x0 0x0 oops 0
instanceKlass com/sun/tools/javac/code/Symtab$2
instanceKlass com/sun/tools/javac/code/Symtab$1
instanceKlass com/sun/tools/javac/code/Symbol$MethodSymbol$2
instanceKlass com/sun/tools/javac/code/Scope$1
instanceKlass com/sun/tools/javac/code/Scope$Entry
instanceKlass com/sun/tools/javac/util/Filter
instanceKlass java/lang/annotation/Repeatable
instanceKlass javax/lang/model/type/NullType
instanceKlass com/sun/tools/javac/code/Symtab
instanceKlass com/sun/tools/javac/jvm/ClassReader$1
instanceKlass com/sun/tools/javac/code/Attribute
instanceKlass javax/lang/model/element/AnnotationValue
instanceKlass com/sun/tools/javac/comp/Annotate$Worker
instanceKlass javax/lang/model/type/ExecutableType
instanceKlass javax/lang/model/type/NoType
instanceKlass com/sun/tools/javac/code/Scope
instanceKlass com/sun/tools/javac/code/Symbol$Completer
instanceKlass com/sun/tools/javac/jvm/ClassReader
instanceKlass com/sun/tools/javac/util/Convert
instanceKlass com/sun/tools/javac/util/ArrayUtils
instanceKlass com/sun/tools/javac/util/Name
instanceKlass javax/lang/model/element/Name
instanceKlass com/sun/tools/javac/util/Name$Table
instanceKlass com/sun/tools/javac/util/Names
instanceKlass com/sun/tools/javac/file/ZipFileIndexCache
instanceKlass com/sun/tools/javac/util/Assert
instanceKlass com/sun/tools/javac/code/Lint$AugmentVisitor
instanceKlass com/sun/tools/javac/code/Attribute$Visitor
instanceKlass java/util/concurrent/ConcurrentHashMap$MapEntry
instanceKlass com/sun/tools/javac/file/Locations$LocationHandler
instanceKlass com/sun/tools/javac/file/Locations
instanceKlass com/sun/tools/javac/util/BaseFileManager$ByteBufferCache
instanceKlass com/sun/tools/javac/main/JavaCompiler$1
instanceKlass com/sun/source/tree/ClassTree
instanceKlass com/sun/source/tree/StatementTree
instanceKlass com/sun/source/tree/MemberSelectTree
instanceKlass com/sun/source/tree/IdentifierTree
instanceKlass javax/lang/model/element/PackageElement
instanceKlass javax/lang/model/element/TypeElement
instanceKlass javax/lang/model/element/QualifiedNameable
instanceKlass com/sun/source/tree/CompilationUnitTree
instanceKlass com/sun/tools/javac/parser/Parser
instanceKlass com/sun/tools/javac/jvm/ClassReader$SourceCompleter
instanceKlass com/sun/tools/javac/main/JavaCompiler
instanceKlass com/sun/tools/javac/file/CacheFSInfo$1
instanceKlass com/sun/tools/javac/file/FSInfo
instanceKlass com/sun/source/util/TaskListener
instanceKlass com/sun/source/util/TreeScanner
instanceKlass com/sun/source/tree/TreeVisitor
instanceKlass com/sun/tools/doclint/DocLint
instanceKlass com/sun/source/util/Plugin
instanceKlass com/sun/tools/javac/main/CommandLine
instanceKlass com/sun/tools/javac/util/Log$1
instanceKlass javax/tools/DiagnosticListener
instanceKlass com/sun/tools/javac/util/JCDiagnostic$Factory$1
instanceKlass com/sun/tools/javac/util/Options
instanceKlass javax/lang/model/element/ExecutableElement
instanceKlass javax/lang/model/element/Parameterizable
instanceKlass javax/lang/model/type/WildcardType
instanceKlass javax/lang/model/type/PrimitiveType
instanceKlass javax/lang/model/element/VariableElement
instanceKlass javax/lang/model/type/TypeVariable
instanceKlass javax/lang/model/type/ErrorType
instanceKlass javax/lang/model/type/DeclaredType
instanceKlass javax/lang/model/type/ArrayType
instanceKlass javax/lang/model/type/ReferenceType
instanceKlass javax/lang/model/type/TypeMirror
instanceKlass com/sun/tools/javac/code/AnnoConstruct
instanceKlass javax/lang/model/element/Element
instanceKlass javax/lang/model/AnnotatedConstruct
instanceKlass java/util/EnumMap$1
instanceKlass com/sun/tools/javac/util/AbstractDiagnosticFormatter$SimpleConfiguration
instanceKlass com/sun/source/tree/ExpressionTree
instanceKlass com/sun/tools/javac/tree/JCTree
instanceKlass com/sun/source/tree/Tree
instanceKlass com/sun/tools/javac/api/DiagnosticFormatter$Configuration
instanceKlass com/sun/tools/javac/code/Printer
instanceKlass com/sun/tools/javac/code/Symbol$Visitor
instanceKlass com/sun/tools/javac/code/Type$Visitor
instanceKlass com/sun/tools/javac/util/AbstractDiagnosticFormatter
instanceKlass com/sun/tools/javac/util/List$3
instanceKlass com/sun/tools/javac/util/JavacMessages
instanceKlass com/sun/tools/javac/api/Messages
instanceKlass com/sun/tools/javac/util/JCDiagnostic$Factory
instanceKlass javax/tools/Diagnostic
instanceKlass com/sun/tools/javac/api/DiagnosticFormatter
instanceKlass com/sun/tools/javac/util/Log$DiagnosticHandler
instanceKlass com/sun/tools/javac/util/AbstractLog
instanceKlass com/sun/tools/javac/util/List$2
instanceKlass com/sun/tools/javac/file/JavacFileManager$1
instanceKlass com/sun/tools/javac/file/JavacFileManager$Archive
instanceKlass com/sun/tools/javac/file/RelativePath
instanceKlass javax/tools/JavaFileObject
instanceKlass javax/tools/FileObject
instanceKlass javax/tools/JavaFileManager$Location
instanceKlass com/sun/tools/javac/util/Context$Factory
instanceKlass com/sun/tools/javac/util/JCDiagnostic$DiagnosticPosition
instanceKlass com/sun/tools/javac/util/BaseFileManager
instanceKlass javax/tools/StandardJavaFileManager
instanceKlass javax/tools/JavaFileManager
instanceKlass javax/tools/OptionChecker
instanceKlass com/sun/tools/javac/util/Context
instanceKlass java/util/RegularEnumSet$EnumSetIterator
instanceKlass com/sun/tools/javac/util/Context$Key
instanceKlass com/sun/tools/javac/code/Lint
instanceKlass javax/annotation/processing/ProcessingEnvironment
instanceKlass com/sun/tools/javac/main/OptionHelper
instanceKlass com/sun/tools/javac/main/Main
instanceKlass com/sun/tools/javac/Main
instanceKlass org/codehaus/plexus/compiler/javac/JavacCompiler$1
instanceKlass org/codehaus/plexus/util/SelectorUtils
instanceKlass org/codehaus/plexus/util/AbstractScanner
instanceKlass org/codehaus/plexus/util/Scanner
instanceKlass org/codehaus/plexus/compiler/util/scan/AbstractSourceInclusionScanner
instanceKlass org/codehaus/plexus/util/StringUtils
instanceKlass org/codehaus/plexus/compiler/CompilerError
instanceKlass org/codehaus/plexus/util/cli/StreamConsumer
instanceKlass org/codehaus/plexus/compiler/CompilerOutputStyle
instanceKlass org/codehaus/plexus/compiler/CompilerConfiguration
instanceKlass org/codehaus/plexus/compiler/util/scan/SourceInclusionScanner
instanceKlass org/codehaus/plexus/compiler/util/scan/mapping/SingleTargetSourceMapping
instanceKlass org/codehaus/plexus/compiler/util/scan/mapping/SuffixMapping
instanceKlass org/codehaus/plexus/compiler/util/scan/mapping/SourceMapping
instanceKlass org/codehaus/plexus/compiler/Compiler
instanceKlass org/codehaus/plexus/compiler/manager/CompilerManager
instanceKlass org/apache/maven/artifact/resolver/filter/AbstractScopeArtifactFilter
instanceKlass org/codehaus/plexus/interpolation/Interpolator
instanceKlass org/codehaus/plexus/interpolation/InterpolationPostProcessor
instanceKlass org/codehaus/plexus/interpolation/SimpleRecursionInterceptor
instanceKlass org/codehaus/plexus/interpolation/PrefixAwareRecursionInterceptor
instanceKlass org/codehaus/plexus/interpolation/RecursionInterceptor
instanceKlass org/codehaus/plexus/interpolation/AbstractValueSource
instanceKlass org/codehaus/plexus/util/FileUtils$FilterWrapper
instanceKlass org/codehaus/plexus/util/StringUtils
instanceKlass org/eclipse/sisu/plexus/CompositeBeanHelper$1
instanceKlass org/codehaus/plexus/util/introspection/MethodMap
instanceKlass org/codehaus/plexus/util/introspection/ClassMap$CacheMiss
instanceKlass org/codehaus/plexus/util/introspection/ClassMap$MethodInfo
instanceKlass org/codehaus/plexus/util/introspection/ClassMap
instanceKlass org/codehaus/plexus/util/introspection/ReflectionValueExtractor
instanceKlass org/codehaus/classworlds/ClassRealm
instanceKlass org/eclipse/sisu/plexus/CompositeBeanHelper
instanceKlass org/apache/maven/plugin/internal/ValidatingConfigurationListener
instanceKlass org/codehaus/plexus/component/configurator/converters/ParameterizedConfigurationConverter
instanceKlass org/codehaus/plexus/component/configurator/converters/AbstractConfigurationConverter
instanceKlass org/codehaus/plexus/component/configurator/converters/lookup/DefaultConverterLookup
instanceKlass org/codehaus/plexus/component/configurator/expression/DefaultExpressionEvaluator
instanceKlass org/apache/maven/plugin/PluginParameterExpressionEvaluator
instanceKlass org/codehaus/plexus/component/configurator/expression/TypeAwareExpressionEvaluator
instanceKlass org/apache/maven/monitor/logging/DefaultLog
instanceKlass org/codehaus/plexus/interpolation/ValueSource
instanceKlass org/codehaus/plexus/components/interactivity/DefaultPrompter
instanceKlass org/codehaus/plexus/components/interactivity/DefaultOutputHandler
instanceKlass org/codehaus/plexus/util/Scanner
instanceKlass org/sonatype/plexus/build/incremental/DefaultBuildContext
instanceKlass org/apache/maven/shared/filtering/AbstractMavenFilteringRequest
instanceKlass org/sonatype/plexus/build/incremental/BuildContext
instanceKlass org/apache/maven/shared/filtering/MavenResourcesFiltering
instanceKlass org/apache/maven/shared/filtering/MavenFileFilter
instanceKlass org/codehaus/plexus/components/interactivity/Prompter
instanceKlass org/codehaus/plexus/components/interactivity/OutputHandler
instanceKlass org/codehaus/plexus/components/interactivity/InputHandler
instanceKlass org/eclipse/sisu/space/ZipEntryIterator
instanceKlass org/eclipse/sisu/space/FileEntryIterator
instanceKlass org/eclipse/sisu/space/ResourceEnumeration
instanceKlass org/eclipse/sisu/plexus/ComponentDescriptorBeanModule$PlexusDescriptorBeanSource
instanceKlass org/eclipse/sisu/plexus/ComponentDescriptorBeanModule$ComponentMetadata
instanceKlass org/apache/maven/plugin/AbstractMojo
instanceKlass org/apache/maven/plugin/ContextEnabled
instanceKlass org/apache/maven/plugin/Mojo
instanceKlass org/eclipse/sisu/plexus/ComponentDescriptorBeanModule
instanceKlass org/apache/maven/classrealm/ArtifactClassRealmConstituent
instanceKlass org/eclipse/aether/util/graph/visitor/AbstractDepthFirstNodeListGenerator
instanceKlass org/eclipse/aether/util/graph/selector/ExclusionDependencySelector$ExclusionComparator
instanceKlass org/eclipse/aether/graph/Dependency$Exclusions$1
instanceKlass java/util/ArrayList$1
instanceKlass org/apache/maven/plugin/internal/PlexusUtilsInjector
instanceKlass org/apache/maven/plugin/internal/WagonExcluder
instanceKlass org/apache/maven/ArtifactFilterManagerDelegate
instanceKlass org/eclipse/aether/util/filter/ExclusionsDependencyFilter
instanceKlass org/apache/maven/plugin/DefaultPluginRealmCache$CacheKey
instanceKlass org/codehaus/plexus/classworlds/realm/Entry
instanceKlass org/apache/maven/classrealm/ClassRealmManagerDelegate
instanceKlass org/eclipse/aether/util/graph/visitor/TreeDependencyVisitor
instanceKlass org/eclipse/aether/util/graph/transformer/NearestVersionSelector$ConflictGroup
instanceKlass org/eclipse/aether/util/graph/transformer/ConflictResolver$ScopeContext
instanceKlass org/eclipse/aether/util/graph/transformer/ConflictResolver$ConflictContext
instanceKlass org/eclipse/aether/util/graph/transformer/ConflictResolver$NodeInfo
instanceKlass org/eclipse/aether/util/graph/transformer/ConflictResolver$ConflictItem
instanceKlass org/eclipse/aether/util/graph/transformer/ConflictResolver$State
instanceKlass org/eclipse/aether/util/graph/transformer/ConflictIdSorter$RootQueue
instanceKlass org/eclipse/aether/util/graph/transformer/ConflictIdSorter$ConflictId
instanceKlass org/eclipse/aether/util/graph/transformer/ConflictMarker$ConflictGroup
instanceKlass org/eclipse/aether/util/graph/transformer/ConflictMarker$Key
instanceKlass org/eclipse/aether/util/graph/transformer/ConflictMarker
instanceKlass org/eclipse/aether/util/graph/transformer/ConflictIdSorter
instanceKlass org/eclipse/aether/util/graph/transformer/TransformationContextKeys
instanceKlass org/eclipse/aether/internal/impl/DataPool$GraphKey
instanceKlass org/eclipse/aether/internal/impl/DataPool$Descriptor
instanceKlass org/eclipse/aether/internal/impl/DataPool$Constraint$VersionRepo
instanceKlass org/eclipse/aether/internal/impl/DataPool$Constraint
instanceKlass org/eclipse/aether/internal/impl/DataPool$ConstraintKey
instanceKlass org/eclipse/aether/util/graph/manager/ClassicDependencyManager$Key
instanceKlass org/eclipse/aether/internal/impl/DefaultDependencyCollectionContext
instanceKlass org/eclipse/aether/internal/impl/NodeStack
instanceKlass java/util/Collections$SynchronizedMap
instanceKlass org/eclipse/aether/internal/impl/ObjectPool
instanceKlass org/eclipse/aether/internal/impl/DataPool
instanceKlass org/eclipse/aether/graph/DefaultDependencyNode
instanceKlass org/eclipse/aether/internal/impl/CachingArtifactTypeRegistry
instanceKlass org/eclipse/aether/util/artifact/ArtifactIdUtils
instanceKlass org/apache/maven/lifecycle/internal/LifecycleDependencyResolver$ReactorDependencyFilter
instanceKlass org/eclipse/aether/util/filter/AndDependencyFilter
instanceKlass org/eclipse/aether/util/filter/ScopeDependencyFilter
instanceKlass org/apache/maven/artifact/versioning/Restriction
instanceKlass org/eclipse/aether/util/version/GenericVersion$Item
instanceKlass org/eclipse/aether/util/version/GenericVersion$Tokenizer
instanceKlass org/eclipse/aether/util/version/GenericVersion
instanceKlass org/eclipse/aether/util/version/GenericVersionConstraint
instanceKlass org/eclipse/aether/version/VersionConstraint
instanceKlass org/eclipse/aether/version/VersionRange
instanceKlass org/eclipse/aether/util/version/GenericVersionScheme
instanceKlass org/apache/maven/plugin/MavenPluginValidator
instanceKlass org/codehaus/plexus/component/repository/ComponentDependency
instanceKlass org/codehaus/plexus/component/repository/ComponentRequirement
instanceKlass org/apache/maven/plugin/descriptor/Parameter
instanceKlass org/codehaus/plexus/configuration/DefaultPlexusConfiguration
instanceKlass org/apache/maven/model/Notifier
instanceKlass org/apache/maven/model/ActivationFile
instanceKlass org/apache/maven/model/Site
instanceKlass org/apache/maven/repository/internal/DefaultModelCache$Key
instanceKlass org/apache/maven/model/building/ModelCacheTag$2
instanceKlass org/apache/maven/model/building/ModelCacheTag$1
instanceKlass org/apache/maven/repository/internal/DefaultModelResolver
instanceKlass org/apache/maven/repository/internal/DefaultModelCache
instanceKlass java/nio/channels/spi/AbstractInterruptibleChannel$1
instanceKlass sun/nio/ch/Interruptible
instanceKlass sun/nio/ch/FileKey
instanceKlass sun/nio/ch/FileLockTable
instanceKlass sun/nio/ch/NativeThread
instanceKlass java/nio/channels/FileLock
instanceKlass sun/nio/ch/NativeDispatcher
instanceKlass sun/nio/ch/NativeThreadSet
instanceKlass sun/nio/ch/IOUtil$1
instanceKlass sun/nio/ch/IOUtil
instanceKlass java/nio/file/attribute/FileAttribute
instanceKlass java/nio/channels/spi/AbstractInterruptibleChannel
instanceKlass java/nio/channels/InterruptibleChannel
instanceKlass java/nio/channels/ScatteringByteChannel
instanceKlass java/nio/channels/GatheringByteChannel
instanceKlass java/nio/channels/SeekableByteChannel
instanceKlass java/nio/channels/ByteChannel
instanceKlass java/nio/channels/WritableByteChannel
instanceKlass java/nio/channels/ReadableByteChannel
instanceKlass java/nio/channels/Channel
instanceKlass org/eclipse/aether/repository/LocalArtifactRequest
instanceKlass org/eclipse/aether/internal/impl/DefaultRepositoryEventDispatcher$1
instanceKlass org/eclipse/aether/RepositoryEvent$Builder
instanceKlass java/util/Collections$1
instanceKlass org/eclipse/aether/internal/impl/DefaultSyncContextFactory$DefaultSyncContext
instanceKlass org/eclipse/aether/internal/impl/CacheUtils
instanceKlass org/apache/maven/repository/internal/DefaultVersionResolver$Key
instanceKlass org/apache/maven/repository/internal/ArtifactDescriptorUtils
instanceKlass org/eclipse/aether/artifact/AbstractArtifact
instanceKlass org/apache/maven/plugin/CacheUtils
instanceKlass org/apache/maven/plugin/DefaultPluginDescriptorCache$CacheKey
instanceKlass org/apache/maven/lifecycle/internal/GoalTask
instanceKlass org/apache/maven/lifecycle/internal/LifecycleTask
instanceKlass java/util/LinkedList$ListItr
instanceKlass org/codehaus/plexus/util/dag/TopologicalSorter
instanceKlass org/codehaus/plexus/util/dag/Vertex
instanceKlass org/codehaus/plexus/util/dag/DAG
instanceKlass org/eclipse/aether/util/repository/ChainedWorkspaceReader
instanceKlass org/eclipse/aether/repository/WorkspaceRepository
instanceKlass org/apache/maven/artifact/ArtifactUtils
instanceKlass org/apache/maven/project/DefaultProjectBuildingResult
instanceKlass org/apache/maven/artifact/DefaultArtifact
instanceKlass java/math/MutableBigInteger
instanceKlass org/apache/maven/artifact/versioning/ComparableVersion$StringItem
instanceKlass org/apache/maven/artifact/versioning/ComparableVersion$IntegerItem
instanceKlass org/apache/maven/artifact/versioning/ComparableVersion$Item
instanceKlass org/apache/maven/artifact/versioning/ComparableVersion
instanceKlass org/apache/maven/artifact/versioning/DefaultArtifactVersion
instanceKlass org/apache/maven/lifecycle/internal/DefaultLifecyclePluginAnalyzer$1
instanceKlass org/apache/maven/lifecycle/mapping/Lifecycle
instanceKlass org/apache/maven/model/building/DefaultModelBuildingEvent
instanceKlass org/apache/maven/model/building/ModelBuildingEventCatapult$1
instanceKlass org/apache/maven/project/ReactorModelPool$CacheKey
instanceKlass org/apache/maven/project/DefaultProjectBuilder$InterimResult
instanceKlass org/apache/maven/model/Extension
instanceKlass org/codehaus/plexus/interpolation/util/StringUtils
instanceKlass org/apache/maven/model/License
instanceKlass org/apache/maven/model/MailingList
instanceKlass org/codehaus/plexus/interpolation/reflection/MethodMap
instanceKlass org/codehaus/plexus/interpolation/reflection/ClassMap$CacheMiss
instanceKlass org/codehaus/plexus/interpolation/reflection/ClassMap$MethodInfo
instanceKlass org/codehaus/plexus/interpolation/reflection/ClassMap
instanceKlass org/codehaus/plexus/interpolation/reflection/ReflectionValueExtractor
instanceKlass org/codehaus/plexus/interpolation/util/ValueSourceUtils
instanceKlass org/apache/maven/model/DependencyManagement
instanceKlass org/apache/maven/model/DistributionManagement
instanceKlass org/apache/maven/model/interpolation/StringSearchModelInterpolator$InterpolateObjectAction$CacheField
instanceKlass org/apache/maven/model/CiManagement
instanceKlass org/apache/maven/model/IssueManagement
instanceKlass org/apache/maven/model/Scm
instanceKlass org/apache/maven/model/Prerequisites
instanceKlass org/apache/maven/model/Organization
instanceKlass org/apache/maven/model/Parent
instanceKlass org/apache/maven/model/interpolation/StringSearchModelInterpolator$InterpolateObjectAction$CacheItem
instanceKlass org/apache/maven/model/interpolation/StringSearchModelInterpolator$InterpolateObjectAction
instanceKlass org/apache/maven/model/interpolation/UrlNormalizingPostProcessor
instanceKlass org/apache/maven/model/interpolation/PathTranslatingPostProcessor
instanceKlass org/codehaus/plexus/interpolation/PrefixedValueSourceWrapper
instanceKlass org/codehaus/plexus/interpolation/FeedbackEnabledValueSource
instanceKlass org/apache/maven/model/building/DefaultModelProblem
instanceKlass org/apache/maven/model/building/ModelProblemCollectorRequest
instanceKlass java/util/Collections$EmptyEnumeration
instanceKlass org/apache/maven/model/ActivationProperty
instanceKlass org/apache/maven/model/Activation
instanceKlass org/apache/maven/model/io/xpp3/MavenXpp3Reader
instanceKlass org/apache/maven/model/building/ModelProblemUtils
instanceKlass org/codehaus/plexus/util/xml/XMLWriter
instanceKlass org/codehaus/plexus/util/xml/Xpp3DomBuilder
instanceKlass org/apache/maven/model/io/xpp3/MavenXpp3ReaderEx
instanceKlass org/apache/maven/model/building/FileModelSource
instanceKlass org/apache/maven/model/building/ModelSource2
instanceKlass org/apache/maven/model/building/DefaultModelBuildingResult
instanceKlass org/apache/maven/model/building/AbstractModelBuildingListener
instanceKlass org/apache/maven/project/ReactorModelCache
instanceKlass org/apache/maven/project/ProjectModelResolver
instanceKlass org/apache/maven/model/building/DefaultModelBuildingRequest
instanceKlass org/eclipse/aether/repository/RemoteRepository$Builder
instanceKlass org/apache/maven/artifact/repository/LegacyLocalRepositoryManager
instanceKlass org/apache/maven/lifecycle/internal/DefaultExecutionEventCatapult$1
instanceKlass org/apache/maven/lifecycle/internal/DefaultExecutionEvent
instanceKlass org/apache/maven/AbstractMavenLifecycleParticipant
instanceKlass org/apache/maven/settings/RuntimeInfo
instanceKlass org/eclipse/aether/AbstractRepositoryListener
instanceKlass org/eclipse/aether/util/repository/DefaultAuthenticationSelector
instanceKlass org/eclipse/aether/util/repository/DefaultProxySelector
instanceKlass org/eclipse/aether/util/repository/DefaultMirrorSelector
instanceKlass org/apache/maven/settings/crypto/DefaultSettingsDecryptionResult
instanceKlass org/apache/maven/settings/crypto/DefaultSettingsDecryptionRequest
instanceKlass org/eclipse/aether/internal/impl/TrackingFileManager
instanceKlass org/eclipse/aether/util/ConfigUtils
instanceKlass org/apache/maven/RepositoryUtils$MavenArtifactTypeRegistry
instanceKlass org/apache/maven/RepositoryUtils
instanceKlass org/eclipse/aether/util/repository/SimpleResolutionErrorPolicy
instanceKlass org/eclipse/aether/util/repository/SimpleArtifactDescriptorPolicy
instanceKlass org/eclipse/aether/artifact/DefaultArtifactType
instanceKlass org/eclipse/aether/util/artifact/SimpleArtifactTypeRegistry
instanceKlass org/eclipse/aether/util/graph/transformer/JavaDependencyContextRefiner
instanceKlass org/eclipse/aether/util/graph/transformer/ChainedDependencyGraphTransformer
instanceKlass org/eclipse/aether/util/graph/transformer/ConflictResolver
instanceKlass org/eclipse/aether/util/graph/selector/ExclusionDependencySelector
instanceKlass org/eclipse/aether/util/graph/selector/OptionalDependencySelector
instanceKlass org/eclipse/aether/util/graph/selector/ScopeDependencySelector
instanceKlass org/eclipse/aether/util/graph/selector/AndDependencySelector
instanceKlass org/eclipse/aether/util/graph/manager/ClassicDependencyManager
instanceKlass org/eclipse/aether/util/graph/traverser/FatArtifactTraverser
instanceKlass org/eclipse/aether/DefaultSessionData
instanceKlass org/eclipse/aether/DefaultRepositorySystemSession$NullDependencyGraphTransformer
instanceKlass org/eclipse/aether/DefaultRepositorySystemSession$NullDependencySelector
instanceKlass org/eclipse/aether/DefaultRepositorySystemSession$NullDependencyManager
instanceKlass org/eclipse/aether/DefaultRepositorySystemSession$NullDependencyTraverser
instanceKlass org/eclipse/aether/DefaultRepositorySystemSession$NullArtifactTypeRegistry
instanceKlass org/eclipse/aether/DefaultRepositorySystemSession$NullAuthenticationSelector
instanceKlass org/eclipse/aether/DefaultRepositorySystemSession$NullProxySelector
instanceKlass org/eclipse/aether/DefaultRepositorySystemSession$NullMirrorSelector
instanceKlass org/eclipse/aether/util/graph/transformer/ConflictResolver$ScopeDeriver
instanceKlass org/eclipse/aether/util/graph/transformer/ConflictResolver$OptionalitySelector
instanceKlass org/eclipse/aether/util/graph/transformer/ConflictResolver$ScopeSelector
instanceKlass org/eclipse/aether/util/graph/transformer/ConflictResolver$VersionSelector
instanceKlass org/apache/maven/repository/internal/MavenRepositorySystemUtils
instanceKlass org/apache/maven/execution/DefaultMavenExecutionResult
instanceKlass org/apache/maven/artifact/repository/MavenArtifactRepository
instanceKlass org/apache/maven/artifact/repository/layout/ArtifactRepositoryLayout2
instanceKlass org/apache/maven/execution/AbstractExecutionListener
instanceKlass org/apache/maven/settings/building/DefaultSettingsBuildingResult
instanceKlass org/codehaus/plexus/interpolation/SimpleRecursionInterceptor
instanceKlass org/apache/maven/settings/building/DefaultSettingsBuilder$1
instanceKlass org/codehaus/plexus/interpolation/os/OperatingSystemUtils
instanceKlass org/codehaus/plexus/util/xml/pull/MXSerializer
instanceKlass org/codehaus/plexus/util/xml/pull/XmlSerializer
instanceKlass org/apache/maven/settings/io/xpp3/SettingsXpp3Writer
instanceKlass org/codehaus/plexus/util/xml/pull/EntityReplacementMap
instanceKlass org/apache/maven/settings/io/xpp3/SettingsXpp3Reader
instanceKlass org/apache/maven/settings/building/FileSettingsSource
instanceKlass org/apache/maven/settings/building/DefaultSettingsBuildingRequest
instanceKlass org/eclipse/aether/internal/impl/SimpleLocalRepositoryManager
instanceKlass com/google/inject/util/Types
instanceKlass sun/security/provider/SecureRandom$1
instanceKlass java/security/SecureRandomSpi
instanceKlass java/util/Random
instanceKlass sun/security/jca/GetInstance$Instance
instanceKlass java/security/Provider$UString
instanceKlass java/security/Provider$Service
instanceKlass sun/security/provider/NativePRNG$NonBlocking
instanceKlass sun/security/provider/NativePRNG$Blocking
instanceKlass sun/security/provider/NativePRNG
instanceKlass sun/security/provider/SunEntries$1
instanceKlass sun/security/provider/SunEntries
instanceKlass sun/security/jca/ProviderConfig$2
instanceKlass sun/security/jca/ProviderList$2
instanceKlass sun/misc/FDBigInteger
instanceKlass sun/misc/FloatingDecimal$PreparedASCIIToBinaryBuffer
instanceKlass sun/misc/FloatingDecimal$ASCIIToBinaryConverter
instanceKlass sun/misc/FloatingDecimal$BinaryToASCIIBuffer
instanceKlass sun/misc/FloatingDecimal$ExceptionalBinaryToASCIIBuffer
instanceKlass sun/misc/FloatingDecimal$BinaryToASCIIConverter
instanceKlass sun/misc/FloatingDecimal
instanceKlass java/security/Provider$EngineDescription
instanceKlass java/security/Provider$ServiceKey
instanceKlass sun/security/jca/ProviderConfig
instanceKlass sun/security/jca/ProviderList
instanceKlass sun/security/jca/Providers
instanceKlass sun/security/jca/GetInstance
instanceKlass java/security/Security$1
instanceKlass java/security/Security
instanceKlass java/security/MessageDigestSpi
instanceKlass java/security/spec/AlgorithmParameterSpec
instanceKlass java/security/Key
instanceKlass org/sonatype/plexus/components/sec/dispatcher/PasswordDecryptor
instanceKlass org/eclipse/aether/internal/impl/DefaultLocalRepositoryProvider$1
instanceKlass org/eclipse/aether/internal/impl/DefaultRepositoryConnectorProvider$1
instanceKlass org/eclipse/aether/internal/impl/PlexusLoggerFactory$PlexusLogger
instanceKlass org/eclipse/aether/spi/log/NullLogger
instanceKlass org/eclipse/aether/spi/log/NullLoggerFactory
instanceKlass org/apache/maven/artifact/resolver/DefaultArtifactResolver$DaemonThreadCreator
instanceKlass java/util/concurrent/LinkedBlockingQueue$Node
instanceKlass java/util/concurrent/locks/AbstractQueuedSynchronizer$ConditionObject
instanceKlass java/util/concurrent/locks/Condition
instanceKlass java/util/concurrent/ThreadPoolExecutor$AbortPolicy
instanceKlass java/util/concurrent/RejectedExecutionHandler
instanceKlass java/util/concurrent/AbstractExecutorService
instanceKlass org/codehaus/plexus/interpolation/PrefixAwareRecursionInterceptor
instanceKlass org/codehaus/plexus/interpolation/StringSearchInterpolator
instanceKlass org/apache/maven/model/PatternSet
instanceKlass org/apache/maven/model/Contributor
instanceKlass org/eclipse/sisu/plexus/OptionalPropertyBinding
instanceKlass org/apache/maven/cli/event/DefaultEventSpyContext
instanceKlass org/eclipse/sisu/wire/EntryListAdapter$ValueIterator
instanceKlass org/apache/maven/cli/logging/Slf4jLogger
instanceKlass com/google/inject/internal/ConstructorInjector$1
instanceKlass org/eclipse/sisu/inject/LazyBeanEntry$JsrNamed
instanceKlass org/eclipse/sisu/plexus/LazyPlexusBean
instanceKlass org/eclipse/sisu/inject/RankedSequence$Itr
instanceKlass org/eclipse/sisu/inject/RankedBindings$Itr
instanceKlass org/eclipse/sisu/inject/LocatedBeans$Itr
instanceKlass org/eclipse/sisu/plexus/RealmFilter$FilteredItr
instanceKlass org/eclipse/sisu/inject/MildKeys
instanceKlass org/eclipse/sisu/plexus/ClassRealmUtils
instanceKlass org/eclipse/sisu/plexus/DefaultPlexusBeans$Itr
instanceKlass org/eclipse/sisu/plexus/RealmFilter
instanceKlass org/eclipse/sisu/inject/LazyBeanEntry
instanceKlass org/eclipse/sisu/BeanEntry
instanceKlass org/eclipse/sisu/inject/LocatedBeans
instanceKlass org/eclipse/sisu/inject/MildElements$Indexable
instanceKlass org/eclipse/sisu/inject/RankedBindings
instanceKlass com/google/inject/internal/InternalInjectorCreator$1
instanceKlass com/google/inject/internal/ProviderInternalFactory$1
instanceKlass com/google/inject/internal/ConstructionContext
instanceKlass java/util/concurrent/ConcurrentHashMap$Traverser
instanceKlass org/eclipse/sisu/inject/RankedSequence$Content
instanceKlass org/eclipse/sisu/inject/InjectorPublisher
instanceKlass com/google/inject/internal/CircularDependencyProxy
instanceKlass com/google/inject/internal/ProviderToInternalFactoryAdapter$1
instanceKlass com/google/inject/internal/InjectorImpl$2$1
instanceKlass com/google/inject/spi/DependencyAndSource
instanceKlass com/google/inject/internal/InternalContext
instanceKlass com/google/inject/internal/MembersInjectorImpl$1
instanceKlass com/google/inject/internal/InjectorImpl$2
instanceKlass com/google/inject/internal/InjectorImpl$1
instanceKlass com/google/inject/internal/SingleMethodInjector$1
instanceKlass com/google/inject/internal/InjectorImpl$MethodInvoker
instanceKlass java/util/IdentityHashMap$IdentityHashMapIterator
instanceKlass com/google/inject/internal/SingleParameterInjector
instanceKlass org/eclipse/sisu/bean/BeanPropertySetter
instanceKlass org/eclipse/sisu/plexus/PlexusConfigurations$ConfigurationProvider
instanceKlass org/eclipse/sisu/plexus/PlexusLifecycleManager$2
instanceKlass com/google/inject/internal/DefaultConstructionProxyFactory$1
instanceKlass com/google/inject/internal/ConstructorInjector
instanceKlass com/google/inject/internal/ConstructionProxy
instanceKlass com/google/inject/internal/DefaultConstructionProxyFactory
instanceKlass com/google/inject/internal/MembersInjectorImpl
instanceKlass org/eclipse/sisu/bean/BeanInjector
instanceKlass org/eclipse/sisu/bean/PropertyBinder$1
instanceKlass org/eclipse/sisu/plexus/ProvidedPropertyBinding
instanceKlass org/eclipse/sisu/plexus/PlexusRequirements$AbstractRequirementProvider
instanceKlass org/eclipse/sisu/bean/BeanPropertyField
instanceKlass org/eclipse/sisu/bean/DeclaredMembers$MemberIterator
instanceKlass org/eclipse/sisu/bean/BeanPropertyIterator
instanceKlass org/eclipse/sisu/bean/DeclaredMembers
instanceKlass org/eclipse/sisu/bean/IgnoreSetters
instanceKlass org/eclipse/sisu/bean/BeanProperties
instanceKlass org/eclipse/sisu/plexus/PlexusRequirements
instanceKlass com/google/inject/spi/ProviderLookup$1
instanceKlass com/google/inject/spi/ProviderLookup
instanceKlass org/eclipse/sisu/plexus/PlexusConfigurations
instanceKlass org/eclipse/sisu/plexus/PlexusPropertyBinder
instanceKlass com/google/inject/internal/EncounterImpl
instanceKlass com/google/inject/internal/AbstractBindingProcessor$Processor$1
instanceKlass com/google/inject/internal/ConstructorBindingImpl$Factory
instanceKlass com/google/inject/internal/util/Classes
instanceKlass com/google/inject/internal/ProvisionListenerStackCallback
instanceKlass com/google/common/collect/MapMakerInternalMap$StrongEntry
instanceKlass com/google/inject/internal/ProvisionListenerCallbackStore$KeyBinding
instanceKlass com/google/inject/internal/ProvisionListenerStackCallback$ProvisionCallback
instanceKlass com/google/inject/internal/ProviderInternalFactory
instanceKlass com/google/inject/internal/FactoryProxy
instanceKlass com/google/inject/internal/InternalFactoryToProviderAdapter
instanceKlass com/google/inject/Scopes$1$1
instanceKlass com/google/inject/internal/ProviderToInternalFactoryAdapter
instanceKlass com/google/inject/internal/ConstantFactory
instanceKlass com/google/inject/internal/Initializer$InjectableReference
instanceKlass com/google/inject/spi/ExposedBinding
instanceKlass com/google/inject/internal/CreationListener
instanceKlass com/google/inject/internal/InjectorShell$SLF4JLoggerFactory
instanceKlass com/google/inject/internal/InjectorShell$LoggerFactory
instanceKlass com/google/inject/internal/InjectorShell$InjectorFactory
instanceKlass com/google/inject/internal/InjectorShell
instanceKlass com/google/inject/internal/ProvisionListenerCallbackStore$1
instanceKlass com/google/inject/internal/ProvisionListenerCallbackStore
instanceKlass com/google/inject/spi/TypeEncounter
instanceKlass com/google/inject/internal/SingleMethodInjector
instanceKlass com/google/inject/internal/SingleFieldInjector
instanceKlass com/google/inject/internal/SingleMemberInjector
instanceKlass com/google/inject/internal/MembersInjectorStore
instanceKlass com/google/inject/internal/TypeConverterBindingProcessor$4
instanceKlass com/google/inject/internal/TypeConverterBindingProcessor$2
instanceKlass com/google/inject/internal/TypeConverterBindingProcessor$1
instanceKlass com/google/inject/internal/TypeConverterBindingProcessor$5
instanceKlass com/google/inject/internal/FailableCache$1
instanceKlass com/google/inject/internal/FailableCache
instanceKlass com/google/inject/internal/ConstructionProxyFactory
instanceKlass com/google/inject/internal/ConstructorInjectorStore
instanceKlass com/google/inject/internal/DeferredLookups
instanceKlass com/google/inject/internal/InjectorImpl$BindingsMultimap
instanceKlass com/google/inject/spi/ProviderBinding
instanceKlass com/google/inject/spi/ConvertedConstantBinding
instanceKlass com/google/inject/internal/InjectorImpl
instanceKlass com/google/inject/internal/Lookups
instanceKlass com/google/inject/internal/InjectorImpl$InjectorOptions
instanceKlass org/eclipse/sisu/wire/BeanProvider
instanceKlass org/eclipse/sisu/wire/ProviderIterableAdapter
instanceKlass org/eclipse/sisu/wire/AbstractBeans
instanceKlass org/eclipse/sisu/wire/LocatorWiring$1
instanceKlass org/eclipse/sisu/inject/HiddenBinding
instanceKlass org/eclipse/sisu/wire/LocatorWiring
instanceKlass com/google/inject/ProvidedBy
instanceKlass com/google/inject/ImplementedBy
instanceKlass org/apache/maven/project/ProjectSorter
instanceKlass org/eclipse/aether/repository/AuthenticationSelector
instanceKlass org/eclipse/aether/repository/ProxySelector
instanceKlass org/eclipse/aether/repository/MirrorSelector
instanceKlass org/eclipse/aether/resolution/ResolutionErrorPolicy
instanceKlass org/apache/maven/FilteredProjectDependencyGraph
instanceKlass org/apache/maven/DefaultProjectDependencyGraph
instanceKlass org/apache/maven/execution/ProjectDependencyGraph
instanceKlass org/apache/maven/ReactorReader
instanceKlass org/eclipse/aether/repository/WorkspaceReader
instanceKlass org/apache/maven/execution/MavenExecutionResult
instanceKlass org/apache/maven/DefaultMaven
instanceKlass org/apache/maven/model/RepositoryPolicy
instanceKlass org/apache/maven/artifact/repository/Authentication
instanceKlass org/apache/maven/repository/Proxy
instanceKlass org/apache/maven/repository/ArtifactTransferListener
instanceKlass org/apache/maven/repository/legacy/LegacyRepositorySystem
instanceKlass org/apache/maven/repository/metadata/ClasspathContainer
instanceKlass org/apache/maven/repository/metadata/DefaultClasspathTransformation$ClasspathGraphVisitor
instanceKlass org/apache/maven/repository/metadata/ArtifactMetadata
instanceKlass org/apache/maven/repository/metadata/DefaultClasspathTransformation
instanceKlass org/apache/maven/profiles/ProfilesRoot
instanceKlass org/codehaus/plexus/interpolation/RegexBasedInterpolator
instanceKlass org/apache/maven/model/superpom/DefaultSuperPomProvider
instanceKlass org/apache/maven/repository/legacy/resolver/conflict/DefaultConflictResolverFactory
instanceKlass org/apache/maven/plugin/PluginRealmCache$CacheRecord
instanceKlass org/apache/maven/plugin/PluginRealmCache$Key
instanceKlass org/apache/maven/plugin/DefaultPluginRealmCache
instanceKlass org/apache/maven/project/artifact/DefaultMavenMetadataCache$CacheKey
instanceKlass org/apache/maven/project/artifact/DefaultMavenMetadataCache
instanceKlass org/apache/maven/model/Reporting
instanceKlass org/apache/maven/project/inheritance/DefaultModelInheritanceAssembler
instanceKlass org/sonatype/plexus/components/cipher/PBECipher
